#
# A fatal error has been detected by the Java Runtime Environment:
#
#  EXCEPTION_ACCESS_VIOLATION (0xc0000005) at pc=0x00007ff8a48dc4f6, pid=2540, tid=7868
#
# JRE version: OpenJDK Runtime Environment Temurin-21.0.5+11 (21.0.5+11) (build 21.0.5+11-LTS)
# Java VM: OpenJDK 64-Bit Server VM Temurin-21.0.5+11 (21.0.5+11-LTS, mixed mode, emulated-client, sharing, tiered, compressed oops, compressed class ptrs, g1 gc, windows-amd64)
# Problematic frame:
# V  [jvm.dll+0xc4f6]
#
# No core dump will be written. Minidumps are not enabled by default on client versions of Windows
#
# If you would like to submit a bug report, please visit:
#   https://github.com/adoptium/adoptium-support/issues
#

---------------  S U M M A R Y ------------

Command Line: -XX:+ShowCodeDetailsInExceptionMessages -agentlib:jdwp=transport=dt_socket,suspend=y,address=localhost:54135 -Dcom.sun.management.jmxremote -Dcom.sun.management.jmxremote.port=54134 -Dcom.sun.management.jmxremote.authenticate=false -Dcom.sun.management.jmxremote.ssl=false -Djava.rmi.server.hostname=localhost -Dspring.jmx.enabled=true -Dmanagement.endpoints.jmx.exposure.include=* -Dspring.application.admin.enabled=true -XX:TieredStopAtLevel=1 -Dspring.boot.project.name=projet -javaagent:C:\sts-4.27.0\configuration\org.eclipse.osgi\275\0\.cp\lib\javaagent-shaded.jar -Dfile.encoding=UTF-8 -Dstdout.encoding=UTF-8 -Dstderr.encoding=UTF-8 com.first.fst.ProjetApplication --spring.output.ansi.enabled=always

Host: Intel(R) Celeron(R) CPU  N3060  @ 1.60GHz, 2 cores, 3G,  Windows 10 , 64 bit Build 16299 (10.0.16299.15)
Time: Tue May  6 07:51:28 2025 Namibie elapsed time: 1077.565775 seconds (0d 0h 17m 57s)

---------------  T H R E A D  ---------------

Current thread (0x000002b5c172e0b0):  WorkerThread "GC Thread#1"    [id=7868, stack(0x000000fa8d500000,0x000000fa8d600000) (1024K)]

Stack: [0x000000fa8d500000,0x000000fa8d600000],  sp=0x000000fa8d5fdf88,  free space=1015k
Native frames: (J=compiled Java code, j=interpreted, Vv=VM code, C=native code)
V  [jvm.dll+0xc4f6]

JavaThread 0x000002b5c67cb4f0 (nid = 7904) was being processed
Java frames: (J=compiled Java code, j=interpreted, Vv=VM code)
j  java.lang.invoke.DirectMethodHandle$Holder.newInvokeSpecial(Ljava/lang/Object;)Ljava/lang/Object;+15 java.base@21.0.5
J 909 c1 jdk.internal.reflect.DirectConstructorHandleAccessor.newInstance([Ljava/lang/Object;)Ljava/lang/Object; java.base@21.0.5 (130 bytes) @ 0x000002b5fa2168b4 [0x000002b5fa2166e0+0x00000000000001d4]
J 908 c1 java.lang.reflect.Constructor.newInstanceWithCaller([Ljava/lang/Object;ZLjava/lang/Class;)Ljava/lang/Object; java.base@21.0.5 (51 bytes) @ 0x000002b5fa214fbc [0x000002b5fa214ee0+0x00000000000000dc]
J 3440 c1 org.springframework.beans.BeanUtils.instantiateClass(Ljava/lang/reflect/Constructor;[Ljava/lang/Object;)Ljava/lang/Object; (208 bytes) @ 0x000002b5fa6851ec [0x000002b5fa684c80+0x000000000000056c]
j  org.springframework.beans.factory.support.SimpleInstantiationStrategy.instantiate(Lorg/springframework/beans/factory/support/RootBeanDefinition;Ljava/lang/String;Lorg/springframework/beans/factory/BeanFactory;)Ljava/lang/Object;+111
j  org.springframework.beans.factory.support.AbstractAutowireCapableBeanFactory.instantiateBean(Ljava/lang/String;Lorg/springframework/beans/factory/support/RootBeanDefinition;)Lorg/springframework/beans/BeanWrapper;+7
j  org.springframework.beans.factory.support.AbstractAutowireCapableBeanFactory.createBeanInstance(Ljava/lang/String;Lorg/springframework/beans/factory/support/RootBeanDefinition;[Ljava/lang/Object;)Lorg/springframework/beans/BeanWrapper;+241
j  org.springframework.beans.factory.support.AbstractAutowireCapableBeanFactory.doCreateBean(Ljava/lang/String;Lorg/springframework/beans/factory/support/RootBeanDefinition;[Ljava/lang/Object;)Ljava/lang/Object;+34
j  org.springframework.beans.factory.support.AbstractAutowireCapableBeanFactory.createBean(Ljava/lang/String;Lorg/springframework/beans/factory/support/RootBeanDefinition;[Ljava/lang/Object;)Ljava/lang/Object;+153
j  org.springframework.beans.factory.support.AbstractBeanFactory.lambda$doGetBean$0(Ljava/lang/String;Lorg/springframework/beans/factory/support/RootBeanDefinition;[Ljava/lang/Object;)Ljava/lang/Object;+4
j  org.springframework.beans.factory.support.AbstractBeanFactory$$Lambda+0x000002b5812675a8.getObject()Ljava/lang/Object;+16
j  org.springframework.beans.factory.support.DefaultSingletonBeanRegistry.getSingleton(Ljava/lang/String;Lorg/springframework/beans/factory/ObjectFactory;)Ljava/lang/Object;+876
J 3237 c1 org.springframework.beans.factory.support.AbstractBeanFactory.doGetBean(Ljava/lang/String;Ljava/lang/Class;[Ljava/lang/Object;Z)Ljava/lang/Object; (787 bytes) @ 0x000002b5fa61fd74 [0x000002b5fa61f720+0x0000000000000654]
j  org.springframework.beans.factory.support.AbstractBeanFactory.getBean(Ljava/lang/String;)Ljava/lang/Object;+5
j  org.springframework.beans.factory.support.DefaultListableBeanFactory.instantiateSingleton(Ljava/lang/String;)V+51
j  org.springframework.beans.factory.support.DefaultListableBeanFactory.preInstantiateSingleton(Ljava/lang/String;Lorg/springframework/beans/factory/support/RootBeanDefinition;)Ljava/util/concurrent/CompletableFuture;+141
j  org.springframework.beans.factory.support.DefaultListableBeanFactory.preInstantiateSingletons()V+123
j  org.springframework.context.support.AbstractApplicationContext.finishBeanFactoryInitialization(Lorg/springframework/beans/factory/config/ConfigurableListableBeanFactory;)V+284
j  org.springframework.context.support.AbstractApplicationContext.refresh()V+94
j  org.springframework.boot.web.servlet.context.ServletWebServerApplicationContext.refresh()V+1
j  org.springframework.boot.SpringApplication.refresh(Lorg/springframework/context/ConfigurableApplicationContext;)V+1
j  org.springframework.boot.SpringApplication.refreshContext(Lorg/springframework/context/ConfigurableApplicationContext;)V+19
j  org.springframework.boot.SpringApplication.run([Ljava/lang/String;)Lorg/springframework/context/ConfigurableApplicationContext;+113
j  org.springframework.boot.SpringApplication.run([Ljava/lang/Class;[Ljava/lang/String;)Lorg/springframework/context/ConfigurableApplicationContext;+9
j  org.springframework.boot.SpringApplication.run(Ljava/lang/Class;[Ljava/lang/String;)Lorg/springframework/context/ConfigurableApplicationContext;+9
j  com.first.fst.ProjetApplication.main([Ljava/lang/String;)V+3
j  java.lang.invoke.LambdaForm$DMH+0x000002b581004c00.invokeStatic(Ljava/lang/Object;Ljava/lang/Object;)V+10 java.base@21.0.5
j  java.lang.invoke.LambdaForm$MH+0x000002b581141000.invoke(Ljava/lang/Object;Ljava/lang/Object;Ljava/lang/Object;)Ljava/lang/Object;+33 java.base@21.0.5
j  java.lang.invoke.Invokers$Holder.invokeExact_MT(Ljava/lang/Object;Ljava/lang/Object;Ljava/lang/Object;Ljava/lang/Object;)Ljava/lang/Object;+20 java.base@21.0.5
j  jdk.internal.reflect.DirectMethodHandleAccessor.invokeImpl(Ljava/lang/Object;[Ljava/lang/Object;)Ljava/lang/Object;+55 java.base@21.0.5
j  jdk.internal.reflect.DirectMethodHandleAccessor.invoke(Ljava/lang/Object;[Ljava/lang/Object;)Ljava/lang/Object;+23 java.base@21.0.5
j  java.lang.reflect.Method.invoke(Ljava/lang/Object;[Ljava/lang/Object;)Ljava/lang/Object;+102 java.base@21.0.5
j  org.springframework.boot.devtools.restart.RestartLauncher.run()V+47
v  ~StubRoutines::call_stub 0x000002b5f9f01015

siginfo: EXCEPTION_ACCESS_VIOLATION (0xc0000005), reading address 0x000002b60072be27


Registers:
RAX=0x0000000000000000, RBX=0x0000000000007963, RCX=0x000000fa8dffe0c0, RDX=0x000000fa8dffe0c0
RSP=0x000000fa8d5fdf88, RBP=0x000000fa8d5fe160, RSI=0x000000fa8d5fe330, RDI=0x000000fa8dffe0c0
R8 =0x000002b60072be1f, R9 =0x000000fa8dffe0c0, R10=0x000002b5f9f00000, R11=0x000000fa8d5fe1d8
R12=0x000002b580543bf8, R13=0x000000fa8dffe0c0, R14=0x000002b5c8578980, R15=0x000002b60072be1f
RIP=0x00007ff8a48dc4f6, EFLAGS=0x0000000000010202


Register to memory mapping:

RAX=0x0 is null
RBX=0x0000000000007963 is an unknown value
RCX=0x000000fa8dffe0c0 is pointing into the stack for thread: 0x000002b5c67cb4f0
RDX=0x000000fa8dffe0c0 is pointing into the stack for thread: 0x000002b5c67cb4f0
RSP=0x000000fa8d5fdf88 points into unknown readable memory: 0x00007ff8a4c27cdb | db 7c c2 a4 f8 7f 00 00
RBP=0x000000fa8d5fe160 points into unknown readable memory: 0x000002b500000001 | 01 00 00 00 b5 02 00 00
RSI=0x000000fa8d5fe330 points into unknown readable memory: 0x000000fa8dffe0b8 | b8 e0 ff 8d fa 00 00 00
RDI=0x000000fa8dffe0c0 is pointing into the stack for thread: 0x000002b5c67cb4f0
R8 =0x000002b60072be1f is an unknown value
R9 =0x000000fa8dffe0c0 is pointing into the stack for thread: 0x000002b5c67cb4f0
R10=0x000002b5f9f00000 points into unknown readable memory: 0x0000000000000006 | 06 00 00 00 00 00 00 00
R11=0x000000fa8d5fe1d8 points into unknown readable memory: 0x00007ff8a4be456d | 6d 45 be a4 f8 7f 00 00
R12=0x000002b580543bf8 is pointing into metadata
R13=0x000000fa8dffe0c0 is pointing into the stack for thread: 0x000002b5c67cb4f0
R14=0x000002b5c8578980 points into unknown readable memory: 0x00007ff8a52fabd8 | d8 ab 2f a5 f8 7f 00 00
R15=0x000002b60072be1f is an unknown value

Top of Stack: (sp=0x000000fa8d5fdf88)
0x000000fa8d5fdf88:   00007ff8a4c27cdb 000002b5c11b2040
0x000000fa8d5fdf98:   0000000000000000 0000000000000000
0x000000fa8d5fdfa8:   000002b5c11b2080 000002b5c85d8cb8
0x000000fa8d5fdfb8:   00007ff8a4c362fe 00000000000019c8
0x000000fa8d5fdfc8:   00007ff8a50669b1 0000000000000344
0x000000fa8d5fdfd8:   00007ff8a4f8bfc2 0000000000000002
0x000000fa8d5fdfe8:   0000000000000000 000002b5c13c8f80
0x000000fa8d5fdff8:   000002b5c11b2030 000002b580543bf8
0x000000fa8d5fe008:   000000fa8dffe0c0 000000fa8d5fe330
0x000000fa8d5fe018:   000000fa8d5fe160 000002b5c85d8cb8
0x000000fa8d5fe028:   00007ff8a4c362a4 000000fa8d5fe0f0
0x000000fa8d5fe038:   000000fa8d5fe330 000002b580480090
0x000000fa8d5fe048:   0000000000000000 000002b5c85d8cb8
0x000000fa8d5fe058:   00007ff8a4be4b1b 0000000000000001
0x000000fa8d5fe068:   000002b5800b5b20 000002b5c85d8cb8
0x000000fa8d5fe078:   000000fa8d5fe330 0000000ffa0c3b01
0x000000fa8d5fe088:   000002b5800b5b20 000002b5c172e0b0
0x000000fa8d5fe098:   000002b500000003 00000000000003d8
0x000000fa8d5fe0a8:   000002b5c11b2040 000002b5c11b2418
0x000000fa8d5fe0b8:   000002b58072be1f 000002b5000000b8
0x000000fa8d5fe0c8:   000002b5800b5b20 00007ff8a52f2140
0x000000fa8d5fe0d8:   000000fa8d5fe330 000002b5c85d8cb8
0x000000fa8d5fe0e8:   0000000500000002 000002b580543bf8
0x000000fa8d5fe0f8:   0000001300000001 0000000000000032
0x000000fa8d5fe108:   000000010000000c 000002b580480090
0x000000fa8d5fe118:   0000000000000000 000002b5fa0c3b90
0x000000fa8d5fe128:   0000901163ed6387 00007ff8a512a690
0x000000fa8d5fe138:   000000fa8d5fe1c0 00000000000003d8
0x000000fa8d5fe148:   000002b5c11b2418 000002b5c28f0348
0x000000fa8d5fe158:   00000006fa0c001c 000002b500000001
0x000000fa8d5fe168:   0000000000000019 000002b5c85d8cb8
0x000000fa8d5fe178:   00007ff8a4c362fe 0000000000000000 

Instructions: (pc=0x00007ff8a48dc4f6)
0x00007ff8a48dc3f6:   48 8b 05 73 e6 cc 00 48 8b 48 60 48 8b 04 d1 48
0x00007ff8a48dc406:   85 c0 75 08 48 8b 05 67 e6 cc 00 c3 48 8b 05 57
0x00007ff8a48dc416:   e6 cc 00 c3 cc cc cc cc cc cc 8b 05 92 bb c1 00
0x00007ff8a48dc426:   c3 cc cc cc cc cc cc cc cc cc 0f b6 05 e3 d1 c1
0x00007ff8a48dc436:   00 48 8b d1 84 c0 74 16 44 8b 41 08 8b 0d 70 bb
0x00007ff8a48dc446:   c1 00 49 d3 e0 4c 03 05 5e bb c1 00 eb 04 4c 8b
0x00007ff8a48dc456:   41 08 45 8b 48 08 45 85 c9 7e 0e 41 f6 c1 01 75
0x00007ff8a48dc466:   53 41 c1 f9 03 49 63 c1 c3 79 49 84 c0 41 b8 0c
0x00007ff8a48dc476:   00 00 00 8b 05 a9 cc c1 00 b9 10 00 00 00 41 0f
0x00007ff8a48dc486:   45 c8 ff c8 4c 63 c0 41 8b c1 48 c1 f8 10 0f b6
0x00007ff8a48dc496:   c0 48 63 14 11 41 8b c9 83 e1 3f 48 d3 e2 49 8d
0x00007ff8a48dc4a6:   0c 10 49 f7 d0 48 03 c1 49 c1 e8 03 48 c1 e8 03
0x00007ff8a48dc4b6:   49 23 c0 c3 49 8b 00 49 8b c8 48 ff a0 00 01 00
0x00007ff8a48dc4c6:   00 cc cc cc cc cc cc cc cc cc 8b 44 24 30 45 03
0x00007ff8a48dc4d6:   c9 44 2b 4c 24 28 83 c0 0b 44 03 ca 45 03 c8 41
0x00007ff8a48dc4e6:   03 c1 c3 cc cc cc cc cc cc cc 4c 8b c2 48 8b d1
0x00007ff8a48dc4f6:   45 8b 48 08 45 85 c9 7e 0e 41 f6 c1 01 75 56 41
0x00007ff8a48dc506:   c1 f9 03 49 63 c1 c3 79 4c 80 3d 04 d1 c1 00 00
0x00007ff8a48dc516:   b8 0c 00 00 00 b9 10 00 00 00 0f 45 c8 8b 05 ff
0x00007ff8a48dc526:   cb c1 00 ff c8 4c 63 c0 41 8b c1 48 c1 f8 10 48
0x00007ff8a48dc536:   63 14 11 41 8b c9 83 e1 3f 0f b6 c0 48 d3 e2 49
0x00007ff8a48dc546:   8d 0c 10 49 f7 d0 48 03 c1 49 c1 e8 03 48 c1 e8
0x00007ff8a48dc556:   03 49 23 c0 c3 49 8b 00 49 8b c8 48 ff a0 00 01
0x00007ff8a48dc566:   00 00 cc cc cc cc cc cc cc cc 48 8b 41 08 0f b7
0x00007ff8a48dc576:   48 2c 0f b7 40 2a 83 c0 48 03 c1 c3 cc cc cc cc
0x00007ff8a48dc586:   cc cc cc cc cc cc cc cc cc cc 48 89 5c 24 08 57
0x00007ff8a48dc596:   48 83 ec 20 0f b6 05 1f ce cc 00 48 8b fa 48 8b
0x00007ff8a48dc5a6:   d9 84 c0 74 4f 48 85 15 b6 c5 cc 00 74 38 48 8b
0x00007ff8a48dc5b6:   ca e8 f4 c9 8c 00 48 8b d0 48 85 db 74 25 48 85
0x00007ff8a48dc5c6:   c0 74 20 48 8b c7 f0 48 0f b1 13 74 16 48 85 05
0x00007ff8a48dc5d6:   8e c5 cc 00 74 0d 48 8b c8 f0 48 0f b1 13 48 3b
0x00007ff8a48dc5e6:   c1 75 ea 48 8b fa 48 8b c7 48 8b 5c 24 30 48 83 


Stack slot to memory mapping:

stack at sp + 0 slots: 0x00007ff8a4c27cdb jvm.dll
stack at sp + 1 slots: 0x000002b5c11b2040 points into unknown readable memory: 0x0000000500000000 | 00 00 00 00 05 00 00 00
stack at sp + 2 slots: 0x0 is null
stack at sp + 3 slots: 0x0 is null
stack at sp + 4 slots: 0x000002b5c11b2080 points into unknown readable memory: 0x0000000500000000 | 00 00 00 00 05 00 00 00
stack at sp + 5 slots: 0x000002b5c85d8cb8 points into unknown readable memory: 0x00007ff8a52fc8b0 | b0 c8 2f a5 f8 7f 00 00
stack at sp + 6 slots: 0x00007ff8a4c362fe jvm.dll
stack at sp + 7 slots: 0x00000000000019c8 is an unknown value


---------------  P R O C E S S  ---------------

Threads class SMR info:
_java_thread_list=0x000002b5c884db30, length=26, elements={
0x000002b5f63ecf00, 0x000002b5c11273c0, 0x000002b5c1129cf0, 0x000002b5c112d760,
0x000002b5c112e1b0, 0x000002b5c112ec00, 0x000002b5c1133660, 0x000002b5c11340b0,
0x000002b5c11e4000, 0x000002b5c13c79d0, 0x000002b5c13ea270, 0x000002b5c13ea8f0,
0x000002b5c60c1e10, 0x000002b5c627c0b0, 0x000002b5c627f690, 0x000002b5c6298bd0,
0x000002b5c62b2e60, 0x000002b5c62b25e0, 0x000002b5c67cbb80, 0x000002b5c67cb4f0,
0x000002b5c67cc8a0, 0x000002b5c67ce2e0, 0x000002b5c67cc210, 0x000002b5c67ccf30,
0x000002b5c67ce970, 0x000002b5c7cf9890
}

Java Threads: ( => current thread )
  0x000002b5f63ecf00 JavaThread "main"                              [_thread_blocked, id=10620, stack(0x000000fa8c100000,0x000000fa8c200000) (1024K)]
  0x000002b5c11273c0 JavaThread "Reference Handler"          daemon [_thread_blocked, id=11020, stack(0x000000fa8c900000,0x000000fa8ca00000) (1024K)]
  0x000002b5c1129cf0 JavaThread "Finalizer"                  daemon [_thread_blocked, id=5036, stack(0x000000fa8ca00000,0x000000fa8cb00000) (1024K)]
  0x000002b5c112d760 JavaThread "Signal Dispatcher"          daemon [_thread_blocked, id=6844, stack(0x000000fa8cb00000,0x000000fa8cc00000) (1024K)]
  0x000002b5c112e1b0 JavaThread "Attach Listener"            daemon [_thread_blocked, id=3764, stack(0x000000fa8cc00000,0x000000fa8cd00000) (1024K)]
  0x000002b5c112ec00 JavaThread "Service Thread"             daemon [_thread_blocked, id=9184, stack(0x000000fa8cd00000,0x000000fa8ce00000) (1024K)]
  0x000002b5c1133660 JavaThread "Monitor Deflation Thread"   daemon [_thread_blocked, id=8736, stack(0x000000fa8ce00000,0x000000fa8cf00000) (1024K)]
  0x000002b5c11340b0 JavaThread "C1 CompilerThread0"         daemon [_thread_blocked, id=1224, stack(0x000000fa8cf00000,0x000000fa8d000000) (1024K)]
  0x000002b5c11e4000 JavaThread "Common-Cleaner"             daemon [_thread_blocked, id=9956, stack(0x000000fa8d000000,0x000000fa8d100000) (1024K)]
  0x000002b5c13c79d0 JavaThread "JDWP Transport Listener: dt_socket" daemon [_thread_blocked, id=10196, stack(0x000000fa8d200000,0x000000fa8d300000) (1024K)]
  0x000002b5c13ea270 JavaThread "JDWP Event Helper Thread"   daemon [_thread_blocked, id=4152, stack(0x000000fa8d300000,0x000000fa8d400000) (1024K)]
  0x000002b5c13ea8f0 JavaThread "JDWP Command Reader"        daemon [_thread_in_native, id=10040, stack(0x000000fa8d400000,0x000000fa8d500000) (1024K)]
  0x000002b5c60c1e10 JavaThread "Notification Thread"        daemon [_thread_blocked, id=9072, stack(0x000000fa8d600000,0x000000fa8d700000) (1024K)]
  0x000002b5c627c0b0 JavaThread "RMI TCP Accept-0"           daemon [_thread_in_native, id=8296, stack(0x000000fa8d700000,0x000000fa8d800000) (1024K)]
  0x000002b5c627f690 JavaThread "RMI TCP Accept-54134"       daemon [_thread_in_native, id=5700, stack(0x000000fa8d800000,0x000000fa8d900000) (1024K)]
  0x000002b5c6298bd0 JavaThread "RMI TCP Accept-0"           daemon [_thread_in_native, id=2136, stack(0x000000fa8da00000,0x000000fa8db00000) (1024K)]
  0x000002b5c62b2e60 JavaThread "RMI Scheduler(0)"           daemon [_thread_blocked, id=220, stack(0x000000fa8dc00000,0x000000fa8dd00000) (1024K)]
  0x000002b5c62b25e0 JavaThread "JMX server connection timeout 30" daemon [_thread_blocked, id=10116, stack(0x000000fa8dd00000,0x000000fa8de00000) (1024K)]
  0x000002b5c67cbb80 JavaThread "Thread-0"                          [_thread_blocked, id=8644, stack(0x000000fa8de00000,0x000000fa8df00000) (1024K)]
  0x000002b5c67cb4f0 JavaThread "restartedMain"                     [_thread_blocked, id=7904, stack(0x000000fa8df00000,0x000000fa8e000000) (1024K)]
  0x000002b5c67cc8a0 JavaThread "Catalina-utility-1"                [_thread_blocked, id=7604, stack(0x000000fa8e200000,0x000000fa8e300000) (1024K)]
  0x000002b5c67ce2e0 JavaThread "Catalina-utility-2"                [_thread_blocked, id=10412, stack(0x000000fa8e300000,0x000000fa8e400000) (1024K)]
  0x000002b5c67cc210 JavaThread "container-0"                       [_thread_blocked, id=8056, stack(0x000000fa8e400000,0x000000fa8e500000) (1024K)]
  0x000002b5c67ccf30 JavaThread "mysql-cj-abandoned-connection-cleanup" daemon [_thread_blocked, id=10028, stack(0x000000fa8e500000,0x000000fa8e600000) (1024K)]
  0x000002b5c67ce970 JavaThread "HikariPool-1 housekeeper"   daemon [_thread_blocked, id=6056, stack(0x000000fa8e700000,0x000000fa8e800000) (1024K)]
  0x000002b5c7cf9890 JavaThread "RMI TCP Connection(8)-127.0.0.1" daemon [_thread_blocked, id=8784, stack(0x000000fa8f500000,0x000000fa8f600000) (1024K)]
Total: 26

Other Threads:
  0x000002b5f649fe00 VMThread "VM Thread"                           [id=5024, stack(0x000000fa8c800000,0x000000fa8c900000) (1024K)]
  0x000002b5c111b210 WatcherThread "VM Periodic Task Thread"        [id=9804, stack(0x000000fa8c700000,0x000000fa8c800000) (1024K)]
  0x000002b5f6426740 WorkerThread "GC Thread#0"                     [id=9304, stack(0x000000fa8c200000,0x000000fa8c300000) (1024K)]
=>0x000002b5c172e0b0 WorkerThread "GC Thread#1"                     [id=7868, stack(0x000000fa8d500000,0x000000fa8d600000) (1024K)]
  0x000002b5f642f2b0 ConcurrentGCThread "G1 Main Marker"            [id=1980, stack(0x000000fa8c300000,0x000000fa8c400000) (1024K)]
  0x000002b5f6430930 WorkerThread "G1 Conc#0"                       [id=8424, stack(0x000000fa8c400000,0x000000fa8c500000) (1024K)]
  0x000002b5f647e3d0 ConcurrentGCThread "G1 Refine#0"               [id=8572, stack(0x000000fa8c500000,0x000000fa8c600000) (1024K)]
  0x000002b5f647fac0 ConcurrentGCThread "G1 Service"                [id=8548, stack(0x000000fa8c600000,0x000000fa8c700000) (1024K)]
Total: 8

Threads with active compile tasks:
Total: 0

VM state: at safepoint (normal execution)

VM Mutex/Monitor currently owned by a thread:  ([mutex/lock_event])
[0x00007ff8a557d380] Threads_lock - owner thread: 0x000002b5f649fe00
[0x00007ff8a557d480] Heap_lock - owner thread: 0x000002b5c62b25e0

Heap address: 0x00000000c1400000, size: 1004 MB, Compressed Oops mode: 32-bit

CDS archive(s) mapped at: [0x000002b580000000-0x000002b580c80000-0x000002b580c80000), size 13107200, SharedBaseAddress: 0x000002b580000000, ArchiveRelocationMode: 1.
Compressed class space mapped at: 0x000002b581000000-0x000002b5c1000000, reserved size: 1073741824
Narrow klass base: 0x000002b580000000, Narrow klass shift: 0, Narrow klass range: 0x100000000

GC Precious Log:
 CardTable entry size: 512
 Card Set container configuration: InlinePtr #cards 5 size 8 Array Of Cards #cards 12 size 40 Howl #buckets 4 coarsen threshold 1843 Howl Bitmap #cards 512 size 80 coarsen threshold 460 Card regions per heap region 1 cards per card region 2048
 CPUs: 2 total, 2 available
 Memory: 4009M
 Large Page Support: Disabled
 NUMA Support: Disabled
 Compressed Oops: Enabled (32-bit)
 Heap Region Size: 1M
 Heap Min Capacity: 8M
 Heap Initial Capacity: 64M
 Heap Max Capacity: 1004M
 Pre-touch: Disabled
 Parallel Workers: 2
 Concurrent Workers: 1
 Concurrent Refinement Workers: 2
 Periodic GC: Disabled

Heap:
 garbage-first heap   total 70656K, used 62647K [0x00000000c1400000, 0x0000000100000000)
  region size 1024K, 38 young (38912K), 2 survivors (2048K)
 Metaspace       used 59336K, committed 59968K, reserved 1114112K
  class space    used 8113K, committed 8384K, reserved 1048576K

Heap Regions: E=young(eden), S=young(survivor), O=old, HS=humongous(starts), HC=humongous(continues), CS=collection set, F=free, TAMS=top-at-mark-start, PB=parsable bottom
|   0|0x00000000c1400000, 0x00000000c1500000, 0x00000000c1500000|100%|HS|  |TAMS 0x00000000c1400000| PB 0x00000000c1400000| Complete 
|   1|0x00000000c1500000, 0x00000000c1600000, 0x00000000c1600000|100%|HS|  |TAMS 0x00000000c1500000| PB 0x00000000c1500000| Complete 
|   2|0x00000000c1600000, 0x00000000c1700000, 0x00000000c1700000|100%| O|  |TAMS 0x00000000c1600000| PB 0x00000000c1600000| Untracked 
|   3|0x00000000c1700000, 0x00000000c1800000, 0x00000000c1800000|100%| O|  |TAMS 0x00000000c1700000| PB 0x00000000c1700000| Untracked 
|   4|0x00000000c1800000, 0x00000000c1900000, 0x00000000c1900000|100%| O|  |TAMS 0x00000000c1800000| PB 0x00000000c1800000| Untracked 
|   5|0x00000000c1900000, 0x00000000c1a00000, 0x00000000c1a00000|100%| O|  |TAMS 0x00000000c1900000| PB 0x00000000c1900000| Untracked 
|   6|0x00000000c1a00000, 0x00000000c1b00000, 0x00000000c1b00000|100%| O|  |TAMS 0x00000000c1a00000| PB 0x00000000c1a00000| Untracked 
|   7|0x00000000c1b00000, 0x00000000c1c00000, 0x00000000c1c00000|100%| O|  |TAMS 0x00000000c1b00000| PB 0x00000000c1b00000| Untracked 
|   8|0x00000000c1c00000, 0x00000000c1d00000, 0x00000000c1d00000|100%| O|  |TAMS 0x00000000c1c00000| PB 0x00000000c1c00000| Untracked 
|   9|0x00000000c1d00000, 0x00000000c1e00000, 0x00000000c1e00000|100%| O|  |TAMS 0x00000000c1d00000| PB 0x00000000c1d00000| Untracked 
|  10|0x00000000c1e00000, 0x00000000c1f00000, 0x00000000c1f00000|100%| O|  |TAMS 0x00000000c1e00000| PB 0x00000000c1e00000| Untracked 
|  11|0x00000000c1f00000, 0x00000000c2000000, 0x00000000c2000000|100%| O|  |TAMS 0x00000000c1f00000| PB 0x00000000c1f00000| Untracked 
|  12|0x00000000c2000000, 0x00000000c2100000, 0x00000000c2100000|100%| O|  |TAMS 0x00000000c2000000| PB 0x00000000c2000000| Untracked 
|  13|0x00000000c2100000, 0x00000000c2200000, 0x00000000c2200000|100%| O|  |TAMS 0x00000000c2100000| PB 0x00000000c2100000| Untracked 
|  14|0x00000000c2200000, 0x00000000c2300000, 0x00000000c2300000|100%| O|  |TAMS 0x00000000c2200000| PB 0x00000000c2200000| Untracked 
|  15|0x00000000c2300000, 0x00000000c2400000, 0x00000000c2400000|100%| O|  |TAMS 0x00000000c2300000| PB 0x00000000c2300000| Untracked 
|  16|0x00000000c2400000, 0x00000000c2500000, 0x00000000c2500000|100%| O|  |TAMS 0x00000000c2400000| PB 0x00000000c2400000| Untracked 
|  17|0x00000000c2500000, 0x00000000c2600000, 0x00000000c2600000|100%| O|  |TAMS 0x00000000c2500000| PB 0x00000000c2500000| Untracked 
|  18|0x00000000c2600000, 0x00000000c2700000, 0x00000000c2700000|100%| O|  |TAMS 0x00000000c2600000| PB 0x00000000c2600000| Untracked 
|  19|0x00000000c2700000, 0x00000000c2800000, 0x00000000c2800000|100%| O|  |TAMS 0x00000000c2700000| PB 0x00000000c2700000| Untracked 
|  20|0x00000000c2800000, 0x00000000c2900000, 0x00000000c2900000|100%| O|  |TAMS 0x00000000c2800000| PB 0x00000000c2800000| Untracked 
|  21|0x00000000c2900000, 0x00000000c2a00000, 0x00000000c2a00000|100%| O|  |TAMS 0x00000000c2900000| PB 0x00000000c2900000| Untracked 
|  22|0x00000000c2a00000, 0x00000000c2ab0bc0, 0x00000000c2b00000| 69%| O|  |TAMS 0x00000000c2a00000| PB 0x00000000c2a00000| Untracked 
|  23|0x00000000c2b00000, 0x00000000c2b00000, 0x00000000c2c00000|  0%| F|  |TAMS 0x00000000c2b00000| PB 0x00000000c2b00000| Untracked 
|  24|0x00000000c2c00000, 0x00000000c2c00000, 0x00000000c2d00000|  0%| F|  |TAMS 0x00000000c2c00000| PB 0x00000000c2c00000| Untracked 
|  25|0x00000000c2d00000, 0x00000000c2d00000, 0x00000000c2e00000|  0%| F|  |TAMS 0x00000000c2d00000| PB 0x00000000c2d00000| Untracked 
|  26|0x00000000c2e00000, 0x00000000c2e00000, 0x00000000c2f00000|  0%| F|  |TAMS 0x00000000c2e00000| PB 0x00000000c2e00000| Untracked 
|  27|0x00000000c2f00000, 0x00000000c3000000, 0x00000000c3000000|100%| E|CS|TAMS 0x00000000c2f00000| PB 0x00000000c2f00000| Complete 
|  28|0x00000000c3000000, 0x00000000c3100000, 0x00000000c3100000|100%| E|CS|TAMS 0x00000000c3000000| PB 0x00000000c3000000| Complete 
|  29|0x00000000c3100000, 0x00000000c3100000, 0x00000000c3200000|  0%| F|  |TAMS 0x00000000c3100000| PB 0x00000000c3100000| Untracked 
|  30|0x00000000c3200000, 0x00000000c32d0968, 0x00000000c3300000| 81%| S|  |TAMS 0x00000000c3200000| PB 0x00000000c3200000| Complete 
|  31|0x00000000c3300000, 0x00000000c3400000, 0x00000000c3400000|100%| E|CS|TAMS 0x00000000c3300000| PB 0x00000000c3300000| Complete 
|  32|0x00000000c3400000, 0x00000000c3500000, 0x00000000c3500000|100%| S|  |TAMS 0x00000000c3400000| PB 0x00000000c3400000| Complete 
|  33|0x00000000c3500000, 0x00000000c3600000, 0x00000000c3600000|100%| E|CS|TAMS 0x00000000c3500000| PB 0x00000000c3500000| Complete 
|  34|0x00000000c3600000, 0x00000000c3700000, 0x00000000c3700000|100%| E|CS|TAMS 0x00000000c3600000| PB 0x00000000c3600000| Complete 
|  35|0x00000000c3700000, 0x00000000c3800000, 0x00000000c3800000|100%| E|CS|TAMS 0x00000000c3700000| PB 0x00000000c3700000| Complete 
|  36|0x00000000c3800000, 0x00000000c3900000, 0x00000000c3900000|100%| E|CS|TAMS 0x00000000c3800000| PB 0x00000000c3800000| Complete 
|  37|0x00000000c3900000, 0x00000000c3a00000, 0x00000000c3a00000|100%| E|CS|TAMS 0x00000000c3900000| PB 0x00000000c3900000| Complete 
|  38|0x00000000c3a00000, 0x00000000c3b00000, 0x00000000c3b00000|100%| E|CS|TAMS 0x00000000c3a00000| PB 0x00000000c3a00000| Complete 
|  39|0x00000000c3b00000, 0x00000000c3c00000, 0x00000000c3c00000|100%| E|CS|TAMS 0x00000000c3b00000| PB 0x00000000c3b00000| Complete 
|  40|0x00000000c3c00000, 0x00000000c3d00000, 0x00000000c3d00000|100%| E|CS|TAMS 0x00000000c3c00000| PB 0x00000000c3c00000| Complete 
|  41|0x00000000c3d00000, 0x00000000c3e00000, 0x00000000c3e00000|100%| E|CS|TAMS 0x00000000c3d00000| PB 0x00000000c3d00000| Complete 
|  42|0x00000000c3e00000, 0x00000000c3f00000, 0x00000000c3f00000|100%| E|CS|TAMS 0x00000000c3e00000| PB 0x00000000c3e00000| Complete 
|  43|0x00000000c3f00000, 0x00000000c4000000, 0x00000000c4000000|100%| E|CS|TAMS 0x00000000c3f00000| PB 0x00000000c3f00000| Complete 
|  44|0x00000000c4000000, 0x00000000c4100000, 0x00000000c4100000|100%| E|CS|TAMS 0x00000000c4000000| PB 0x00000000c4000000| Complete 
|  45|0x00000000c4100000, 0x00000000c4200000, 0x00000000c4200000|100%| E|CS|TAMS 0x00000000c4100000| PB 0x00000000c4100000| Complete 
|  46|0x00000000c4200000, 0x00000000c4300000, 0x00000000c4300000|100%| E|CS|TAMS 0x00000000c4200000| PB 0x00000000c4200000| Complete 
|  47|0x00000000c4300000, 0x00000000c4400000, 0x00000000c4400000|100%| E|CS|TAMS 0x00000000c4300000| PB 0x00000000c4300000| Complete 
|  48|0x00000000c4400000, 0x00000000c4500000, 0x00000000c4500000|100%| E|CS|TAMS 0x00000000c4400000| PB 0x00000000c4400000| Complete 
|  49|0x00000000c4500000, 0x00000000c4600000, 0x00000000c4600000|100%| E|CS|TAMS 0x00000000c4500000| PB 0x00000000c4500000| Complete 
|  50|0x00000000c4600000, 0x00000000c4700000, 0x00000000c4700000|100%| E|CS|TAMS 0x00000000c4600000| PB 0x00000000c4600000| Complete 
|  51|0x00000000c4700000, 0x00000000c4800000, 0x00000000c4800000|100%| E|CS|TAMS 0x00000000c4700000| PB 0x00000000c4700000| Complete 
|  52|0x00000000c4800000, 0x00000000c4900000, 0x00000000c4900000|100%| E|CS|TAMS 0x00000000c4800000| PB 0x00000000c4800000| Complete 
|  53|0x00000000c4900000, 0x00000000c4a00000, 0x00000000c4a00000|100%| E|CS|TAMS 0x00000000c4900000| PB 0x00000000c4900000| Complete 
|  54|0x00000000c4a00000, 0x00000000c4b00000, 0x00000000c4b00000|100%| E|CS|TAMS 0x00000000c4a00000| PB 0x00000000c4a00000| Complete 
|  55|0x00000000c4b00000, 0x00000000c4c00000, 0x00000000c4c00000|100%| E|CS|TAMS 0x00000000c4b00000| PB 0x00000000c4b00000| Complete 
|  56|0x00000000c4c00000, 0x00000000c4d00000, 0x00000000c4d00000|100%| E|CS|TAMS 0x00000000c4c00000| PB 0x00000000c4c00000| Complete 
|  57|0x00000000c4d00000, 0x00000000c4e00000, 0x00000000c4e00000|100%| E|CS|TAMS 0x00000000c4d00000| PB 0x00000000c4d00000| Complete 
|  58|0x00000000c4e00000, 0x00000000c4effff8, 0x00000000c4f00000| 99%| E|CS|TAMS 0x00000000c4e00000| PB 0x00000000c4e00000| Complete 
|  59|0x00000000c4f00000, 0x00000000c5000000, 0x00000000c5000000|100%| E|CS|TAMS 0x00000000c4f00000| PB 0x00000000c4f00000| Complete 
|  60|0x00000000c5000000, 0x00000000c5100000, 0x00000000c5100000|100%| E|CS|TAMS 0x00000000c5000000| PB 0x00000000c5000000| Complete 
|  61|0x00000000c5100000, 0x00000000c5200000, 0x00000000c5200000|100%| E|CS|TAMS 0x00000000c5100000| PB 0x00000000c5100000| Complete 
|  62|0x00000000c5200000, 0x00000000c5300000, 0x00000000c5300000|100%| E|CS|TAMS 0x00000000c5200000| PB 0x00000000c5200000| Complete 
|  63|0x00000000c5300000, 0x00000000c5400000, 0x00000000c5400000|100%| E|CS|TAMS 0x00000000c5300000| PB 0x00000000c5300000| Complete 
|  64|0x00000000c5400000, 0x00000000c5500000, 0x00000000c5500000|100%| E|CS|TAMS 0x00000000c5400000| PB 0x00000000c5400000| Complete 
|  65|0x00000000c5500000, 0x00000000c5600000, 0x00000000c5600000|100%| E|CS|TAMS 0x00000000c5500000| PB 0x00000000c5500000| Complete 
|  66|0x00000000c5600000, 0x00000000c5700000, 0x00000000c5700000|100%| E|CS|TAMS 0x00000000c5600000| PB 0x00000000c5600000| Complete 
|  67|0x00000000c5700000, 0x00000000c5800000, 0x00000000c5800000|100%| E|CS|TAMS 0x00000000c5700000| PB 0x00000000c5700000| Complete 
|  68|0x00000000c5800000, 0x00000000c5900000, 0x00000000c5900000|100%| E|CS|TAMS 0x00000000c5800000| PB 0x00000000c5800000| Complete 

Card table byte_map: [0x000002b5f5fd0000,0x000002b5f61d0000] _byte_map_base: 0x000002b5f59c6000

Marking Bits: (CMBitMap*) 0x000002b5f6426c50
 Bits: [0x000002b5fcf00000, 0x000002b5fdeb0000)

Polling page: 0x000002b5f41e0000

Metaspace:

Usage:
  Non-class:     50.02 MB used.
      Class:      7.92 MB used.
       Both:     57.95 MB used.

Virtual space:
  Non-class space:       64.00 MB reserved,      50.38 MB ( 79%) committed,  1 nodes.
      Class space:        1.00 GB reserved,       8.19 MB ( <1%) committed,  1 nodes.
             Both:        1.06 GB reserved,      58.56 MB (  5%) committed. 

Chunk freelists:
   Non-Class:  13.58 MB
       Class:  7.86 MB
        Both:  21.44 MB

MaxMetaspaceSize: unlimited
CompressedClassSpaceSize: 1.00 GB
Initial GC threshold: 21.00 MB
Current GC threshold: 58.69 MB
CDS: on
 - commit_granule_bytes: 65536.
 - commit_granule_words: 8192.
 - virtual_space_node_default_size: 8388608.
 - enlarge_chunks_in_place: 1.
 - use_allocation_guard: 0.


Internal statistics:

num_allocs_failed_limit: 6.
num_arena_births: 820.
num_arena_deaths: 2.
num_vsnodes_births: 2.
num_vsnodes_deaths: 0.
num_space_committed: 937.
num_space_uncommitted: 0.
num_chunks_returned_to_freelist: 9.
num_chunks_taken_from_freelist: 2796.
num_chunk_merges: 6.
num_chunk_splits: 2023.
num_chunks_enlarged: 1562.
num_inconsistent_stats: 0.

CodeCache: size=49152Kb used=11317Kb max_used=11751Kb free=37834Kb
 bounds [0x000002b5f9f00000, 0x000002b5fab00000, 0x000002b5fcf00000]
 total_blobs=6455 nmethods=5751 adapters=627
 compilation: enabled
              stopped_count=0, restarted_count=0
 full_count=0

Compilation events (20 events):
Event: 962.898 Thread 0x000002b5c11340b0 5790       1       java.util.concurrent.ScheduledThreadPoolExecutor$ScheduledFutureTask::setNextRunTime (38 bytes)
Event: 962.900 Thread 0x000002b5c11340b0 nmethod 5790 0x000002b5faa44f90 code [0x000002b5faa45140, 0x000002b5faa45338]
Event: 962.900 Thread 0x000002b5c11340b0 5791       1       java.util.concurrent.ScheduledThreadPoolExecutor::reExecutePeriodic (49 bytes)
Event: 962.903 Thread 0x000002b5c11340b0 nmethod 5791 0x000002b5faa44910 code [0x000002b5faa44b20, 0x000002b5faa44dc8]
Event: 979.641 Thread 0x000002b5c11340b0 5792       1       java.util.concurrent.locks.AbstractQueuedSynchronizer$Node::setPrevRelaxed (12 bytes)
Event: 979.642 Thread 0x000002b5c11340b0 nmethod 5792 0x000002b5faa44610 code [0x000002b5faa447a0, 0x000002b5faa448c0]
Event: 979.643 Thread 0x000002b5c11340b0 5794       1       org.apache.catalina.mapper.MapperListener::lifecycleEvent (180 bytes)
Event: 979.671 Thread 0x000002b5c11340b0 nmethod 5794 0x000002b5faa43690 code [0x000002b5faa43920, 0x000002b5faa441d8]
Event: 979.672 Thread 0x000002b5c11340b0 5793       1       java.util.concurrent.locks.AbstractQueuedSynchronizer::casTail (13 bytes)
Event: 979.673 Thread 0x000002b5c11340b0 nmethod 5793 0x000002b5faa43310 code [0x000002b5faa434a0, 0x000002b5faa435c8]
Event: 989.644 Thread 0x000002b5c11340b0 5795       1       java.util.TreeSet::<init> (10 bytes)
Event: 989.650 Thread 0x000002b5c11340b0 nmethod 5795 0x000002b5faa42f90 code [0x000002b5faa43120, 0x000002b5faa43230]
Event: 999.646 Thread 0x000002b5c11340b0 5796       1       java.util.TreeSet::iterator (15 bytes)
Event: 999.649 Thread 0x000002b5c11340b0 nmethod 5796 0x000002b5faa42c10 code [0x000002b5faa42dc0, 0x000002b5faa42ef0]
Event: 1019.656 Thread 0x000002b5c11340b0 5797       1       java.util.concurrent.ConcurrentHashMap$CollectionView::size (8 bytes)
Event: 1019.668 Thread 0x000002b5c11340b0 nmethod 5797 0x000002b5faa42810 code [0x000002b5faa429c0, 0x000002b5faa42b38]
Event: 1049.661 Thread 0x000002b5c11340b0 5798       1       java.util.concurrent.locks.AbstractQueuedSynchronizer$ConditionObject::doSignal (62 bytes)
Event: 1049.664 Thread 0x000002b5c11340b0 nmethod 5798 0x000002b5faa42210 code [0x000002b5faa423c0, 0x000002b5faa42648]
Event: 1049.664 Thread 0x000002b5c11340b0 5799       1       java.util.concurrent.locks.AbstractQueuedSynchronizer::enqueue (72 bytes)
Event: 1049.668 Thread 0x000002b5c11340b0 nmethod 5799 0x000002b5faa41a90 code [0x000002b5faa41c80, 0x000002b5faa42040]

GC Heap History (20 events):
Event: 12.174 GC heap after
{Heap after GC invocations=14 (full 0):
 garbage-first heap   total 58368K, used 19355K [0x00000000c1400000, 0x0000000100000000)
  region size 1024K, 3 young (3072K), 3 survivors (3072K)
 Metaspace       used 29593K, committed 30080K, reserved 1114112K
  class space    used 3916K, committed 4160K, reserved 1048576K
}
Event: 13.279 GC heap before
{Heap before GC invocations=14 (full 0):
 garbage-first heap   total 58368K, used 50075K [0x00000000c1400000, 0x0000000100000000)
  region size 1024K, 34 young (34816K), 3 survivors (3072K)
 Metaspace       used 31797K, committed 32320K, reserved 1114112K
  class space    used 4212K, committed 4480K, reserved 1048576K
}
Event: 13.296 GC heap after
{Heap after GC invocations=15 (full 0):
 garbage-first heap   total 58368K, used 21183K [0x00000000c1400000, 0x0000000100000000)
  region size 1024K, 4 young (4096K), 4 survivors (4096K)
 Metaspace       used 31797K, committed 32320K, reserved 1114112K
  class space    used 4212K, committed 4480K, reserved 1048576K
}
Event: 14.038 GC heap before
{Heap before GC invocations=15 (full 0):
 garbage-first heap   total 58368K, used 48831K [0x00000000c1400000, 0x0000000100000000)
  region size 1024K, 31 young (31744K), 4 survivors (4096K)
 Metaspace       used 34476K, committed 34944K, reserved 1114112K
  class space    used 4579K, committed 4800K, reserved 1048576K
}
Event: 14.050 GC heap after
{Heap after GC invocations=16 (full 0):
 garbage-first heap   total 58368K, used 20906K [0x00000000c1400000, 0x0000000100000000)
  region size 1024K, 2 young (2048K), 2 survivors (2048K)
 Metaspace       used 34476K, committed 34944K, reserved 1114112K
  class space    used 4579K, committed 4800K, reserved 1048576K
}
Event: 14.317 GC heap before
{Heap before GC invocations=16 (full 0):
 garbage-first heap   total 58368K, used 31146K [0x00000000c1400000, 0x0000000100000000)
  region size 1024K, 13 young (13312K), 2 survivors (2048K)
 Metaspace       used 35460K, committed 35968K, reserved 1114112K
  class space    used 4748K, committed 4992K, reserved 1048576K
}
Event: 14.325 GC heap after
{Heap after GC invocations=17 (full 0):
 garbage-first heap   total 58368K, used 21049K [0x00000000c1400000, 0x0000000100000000)
  region size 1024K, 2 young (2048K), 2 survivors (2048K)
 Metaspace       used 35460K, committed 35968K, reserved 1114112K
  class space    used 4748K, committed 4992K, reserved 1048576K
}
Event: 15.231 GC heap before
{Heap before GC invocations=18 (full 0):
 garbage-first heap   total 58368K, used 51769K [0x00000000c1400000, 0x0000000100000000)
  region size 1024K, 32 young (32768K), 2 survivors (2048K)
 Metaspace       used 38044K, committed 38592K, reserved 1114112K
  class space    used 5219K, committed 5440K, reserved 1048576K
}
Event: 15.242 GC heap after
{Heap after GC invocations=19 (full 0):
 garbage-first heap   total 58368K, used 21664K [0x00000000c1400000, 0x0000000100000000)
  region size 1024K, 3 young (3072K), 3 survivors (3072K)
 Metaspace       used 38044K, committed 38592K, reserved 1114112K
  class space    used 5219K, committed 5440K, reserved 1048576K
}
Event: 16.109 GC heap before
{Heap before GC invocations=19 (full 0):
 garbage-first heap   total 58368K, used 50336K [0x00000000c1400000, 0x0000000100000000)
  region size 1024K, 31 young (31744K), 3 survivors (3072K)
 Metaspace       used 43024K, committed 43584K, reserved 1114112K
  class space    used 5768K, committed 6016K, reserved 1048576K
}
Event: 16.127 GC heap after
{Heap after GC invocations=20 (full 0):
 garbage-first heap   total 70656K, used 22838K [0x00000000c1400000, 0x0000000100000000)
  region size 1024K, 3 young (3072K), 3 survivors (3072K)
 Metaspace       used 43024K, committed 43584K, reserved 1114112K
  class space    used 5768K, committed 6016K, reserved 1048576K
}
Event: 17.549 GC heap before
{Heap before GC invocations=20 (full 0):
 garbage-first heap   total 70656K, used 61750K [0x00000000c1400000, 0x0000000100000000)
  region size 1024K, 41 young (41984K), 3 survivors (3072K)
 Metaspace       used 47135K, committed 47680K, reserved 1114112K
  class space    used 6312K, committed 6528K, reserved 1048576K
}
Event: 17.563 GC heap after
{Heap after GC invocations=21 (full 0):
 garbage-first heap   total 70656K, used 24068K [0x00000000c1400000, 0x0000000100000000)
  region size 1024K, 4 young (4096K), 4 survivors (4096K)
 Metaspace       used 47135K, committed 47680K, reserved 1114112K
  class space    used 6312K, committed 6528K, reserved 1048576K
}
Event: 18.825 GC heap before
{Heap before GC invocations=21 (full 0):
 garbage-first heap   total 70656K, used 61956K [0x00000000c1400000, 0x0000000100000000)
  region size 1024K, 41 young (41984K), 4 survivors (4096K)
 Metaspace       used 50723K, committed 51264K, reserved 1114112K
  class space    used 6757K, committed 6976K, reserved 1048576K
}
Event: 18.841 GC heap after
{Heap after GC invocations=22 (full 0):
 garbage-first heap   total 70656K, used 24912K [0x00000000c1400000, 0x0000000100000000)
  region size 1024K, 4 young (4096K), 4 survivors (4096K)
 Metaspace       used 50723K, committed 51264K, reserved 1114112K
  class space    used 6757K, committed 6976K, reserved 1048576K
}
Event: 19.832 GC heap before
{Heap before GC invocations=22 (full 0):
 garbage-first heap   total 70656K, used 60752K [0x00000000c1400000, 0x0000000100000000)
  region size 1024K, 40 young (40960K), 4 survivors (4096K)
 Metaspace       used 55189K, committed 55744K, reserved 1114112K
  class space    used 7501K, committed 7744K, reserved 1048576K
}
Event: 19.846 GC heap after
{Heap after GC invocations=23 (full 0):
 garbage-first heap   total 70656K, used 25441K [0x00000000c1400000, 0x0000000100000000)
  region size 1024K, 3 young (3072K), 3 survivors (3072K)
 Metaspace       used 55189K, committed 55744K, reserved 1114112K
  class space    used 7501K, committed 7744K, reserved 1048576K
}
Event: 20.838 GC heap before
{Heap before GC invocations=23 (full 0):
 garbage-first heap   total 70656K, used 62305K [0x00000000c1400000, 0x0000000100000000)
  region size 1024K, 39 young (39936K), 3 survivors (3072K)
 Metaspace       used 58867K, committed 59456K, reserved 1114112K
  class space    used 8056K, committed 8320K, reserved 1048576K
}
Event: 20.851 GC heap after
{Heap after GC invocations=24 (full 0):
 garbage-first heap   total 70656K, used 25783K [0x00000000c1400000, 0x0000000100000000)
  region size 1024K, 3 young (3072K), 3 survivors (3072K)
 Metaspace       used 58867K, committed 59456K, reserved 1114112K
  class space    used 8056K, committed 8320K, reserved 1048576K
}
Event: 1077.472 GC heap before
{Heap before GC invocations=24 (full 0):
 garbage-first heap   total 70656K, used 62647K [0x00000000c1400000, 0x0000000100000000)
  region size 1024K, 39 young (39936K), 3 survivors (3072K)
 Metaspace       used 59336K, committed 59968K, reserved 1114112K
  class space    used 8113K, committed 8384K, reserved 1048576K
}

Dll operation events (12 events):
Event: 0.304 Loaded shared library C:\sts-4.27.0\plugins\org.eclipse.justj.openjdk.hotspot.jre.full.win32.x86_64_21.0.5.v20241023-1957\jre\bin\java.dll
Event: 0.377 Loaded shared library C:\sts-4.27.0\plugins\org.eclipse.justj.openjdk.hotspot.jre.full.win32.x86_64_21.0.5.v20241023-1957\jre\bin\zip.dll
Event: 1.028 Loaded shared library C:\sts-4.27.0\plugins\org.eclipse.justj.openjdk.hotspot.jre.full.win32.x86_64_21.0.5.v20241023-1957\jre\bin\instrument.dll
Event: 1.051 Loaded shared library C:\sts-4.27.0\plugins\org.eclipse.justj.openjdk.hotspot.jre.full.win32.x86_64_21.0.5.v20241023-1957\jre\bin\net.dll
Event: 1.054 Loaded shared library C:\sts-4.27.0\plugins\org.eclipse.justj.openjdk.hotspot.jre.full.win32.x86_64_21.0.5.v20241023-1957\jre\bin\nio.dll
Event: 1.123 Loaded shared library C:\sts-4.27.0\plugins\org.eclipse.justj.openjdk.hotspot.jre.full.win32.x86_64_21.0.5.v20241023-1957\jre\bin\zip.dll
Event: 1.697 Loaded shared library C:\sts-4.27.0\plugins\org.eclipse.justj.openjdk.hotspot.jre.full.win32.x86_64_21.0.5.v20241023-1957\jre\bin\jimage.dll
Event: 1.858 Loaded shared library C:\sts-4.27.0\plugins\org.eclipse.justj.openjdk.hotspot.jre.full.win32.x86_64_21.0.5.v20241023-1957\jre\bin\management.dll
Event: 1.895 Loaded shared library C:\sts-4.27.0\plugins\org.eclipse.justj.openjdk.hotspot.jre.full.win32.x86_64_21.0.5.v20241023-1957\jre\bin\management_ext.dll
Event: 2.788 Loaded shared library C:\sts-4.27.0\plugins\org.eclipse.justj.openjdk.hotspot.jre.full.win32.x86_64_21.0.5.v20241023-1957\jre\bin\extnet.dll
Event: 2.867 Loaded shared library C:\sts-4.27.0\plugins\org.eclipse.justj.openjdk.hotspot.jre.full.win32.x86_64_21.0.5.v20241023-1957\jre\bin\verify.dll
Event: 7.377 Loaded shared library C:\sts-4.27.0\plugins\org.eclipse.justj.openjdk.hotspot.jre.full.win32.x86_64_21.0.5.v20241023-1957\jre\bin\sunmscapi.dll

Deoptimization events (20 events):
Event: 1076.962 Thread 0x000002b5c7cf9890 DEOPT PACKING pc=0x000002b5fa3781b4 sp=0x000000fa8f5fe6b0
Event: 1076.962 Thread 0x000002b5c7cf9890 DEOPT UNPACKING pc=0x000002b5f9f54e23 sp=0x000000fa8f5fdbb0 mode 1
Event: 1076.962 Thread 0x000002b5c7cf9890 DEOPT PACKING pc=0x000002b5fa070964 sp=0x000000fa8f5fe860
Event: 1076.962 Thread 0x000002b5c7cf9890 DEOPT UNPACKING pc=0x000002b5f9f54e23 sp=0x000000fa8f5fdde8 mode 1
Event: 1077.469 Thread 0x000002b5c7cf9890 DEOPT PACKING pc=0x000002b5fa05341c sp=0x000000fa8f5fe050
Event: 1077.469 Thread 0x000002b5c7cf9890 DEOPT UNPACKING pc=0x000002b5f9f54e23 sp=0x000000fa8f5fd550 mode 1
Event: 1077.469 Thread 0x000002b5c7cf9890 DEOPT PACKING pc=0x000002b5fa0548b4 sp=0x000000fa8f5fe100
Event: 1077.469 Thread 0x000002b5c7cf9890 DEOPT UNPACKING pc=0x000002b5f9f54e23 sp=0x000000fa8f5fd670 mode 1
Event: 1077.469 Thread 0x000002b5c7cf9890 DEOPT PACKING pc=0x000002b5fa055b94 sp=0x000000fa8f5fe230
Event: 1077.470 Thread 0x000002b5c7cf9890 DEOPT UNPACKING pc=0x000002b5f9f54e23 sp=0x000000fa8f5fd760 mode 1
Event: 1077.470 Thread 0x000002b5c7cf9890 DEOPT PACKING pc=0x000002b5fa05efec sp=0x000000fa8f5fe310
Event: 1077.470 Thread 0x000002b5c7cf9890 DEOPT UNPACKING pc=0x000002b5f9f54e23 sp=0x000000fa8f5fd7e0 mode 1
Event: 1077.470 Thread 0x000002b5c7cf9890 DEOPT PACKING pc=0x000002b5fa07c404 sp=0x000000fa8f5fe390
Event: 1077.470 Thread 0x000002b5c7cf9890 DEOPT UNPACKING pc=0x000002b5f9f54e23 sp=0x000000fa8f5fd888 mode 1
Event: 1077.471 Thread 0x000002b5c7cf9890 DEOPT PACKING pc=0x000002b5fa05656c sp=0x000000fa8f5fe4c0
Event: 1077.471 Thread 0x000002b5c7cf9890 DEOPT UNPACKING pc=0x000002b5f9f54e23 sp=0x000000fa8f5fd9e8 mode 1
Event: 1077.471 Thread 0x000002b5c7cf9890 DEOPT PACKING pc=0x000002b5fa05b34c sp=0x000000fa8f5fe5b0
Event: 1077.471 Thread 0x000002b5c7cf9890 DEOPT UNPACKING pc=0x000002b5f9f54e23 sp=0x000000fa8f5fda18 mode 1
Event: 1077.471 Thread 0x000002b5c7cf9890 DEOPT PACKING pc=0x000002b5fa3781b4 sp=0x000000fa8f5fe6b0
Event: 1077.471 Thread 0x000002b5c7cf9890 DEOPT UNPACKING pc=0x000002b5f9f54e23 sp=0x000000fa8f5fdbb0 mode 1

Classes loaded (20 events):
Event: 18.582 Loading class java/util/concurrent/CancellationException
Event: 18.582 Loading class java/util/concurrent/CancellationException done
Event: 19.537 Loading class java/util/ArrayList$ListItr
Event: 19.537 Loading class java/util/ArrayList$ListItr done
Event: 19.662 Loading class java/util/AbstractList$SubList
Event: 19.662 Loading class java/util/AbstractList$SubList done
Event: 19.892 Loading class java/lang/reflect/AnnotatedArrayType
Event: 19.892 Loading class java/lang/reflect/AnnotatedArrayType done
Event: 20.029 Loading class java/lang/foreign/ValueLayout
Event: 20.030 Loading class java/lang/foreign/MemoryLayout
Event: 20.030 Loading class java/lang/foreign/MemoryLayout done
Event: 20.030 Loading class java/lang/foreign/ValueLayout done
Event: 20.051 Loading class jdk/internal/org/objectweb/asm/ClassReader
Event: 20.052 Loading class jdk/internal/org/objectweb/asm/ClassReader done
Event: 21.015 Loading class javax/naming/Reference
Event: 21.015 Loading class javax/naming/Reference done
Event: 232.132 Loading class javax/management/remote/rmi/RMIConnectionImpl$6
Event: 232.132 Loading class javax/management/remote/rmi/RMIConnectionImpl$6 done
Event: 233.132 Loading class java/rmi/server/UnicastRemoteObject
Event: 233.133 Loading class java/rmi/server/UnicastRemoteObject done

Classes unloaded (1 events):
Event: 7.198 Thread 0x000002b5f649fe00 Unloading class 0x000002b5810cb000 'java/lang/invoke/LambdaForm$MH+0x000002b5810cb000'

Classes redefined (0 events):
No events

Internal exceptions (20 events):
Event: 17.069 Thread 0x000002b5c67cb4f0 Exception <a 'java/lang/NoSuchMethodError'{0x00000000c430be10}: 'int java.lang.invoke.Invokers$Holder.invokeExact_MT(java.lang.Object, java.lang.Object)'> (0x00000000c430be10) 
thrown [s\src\hotspot\share\interpreter\linkResolver.cpp, line 773]
Event: 17.861 Thread 0x000002b5c67cb4f0 Exception <a 'java/lang/NoSuchMethodError'{0x00000000c51bba58}: 'int java.lang.invoke.DirectMethodHandle$Holder.invokeVirtual(java.lang.Object, java.lang.Object, java.lang.Object)'> (0x00000000c51bba58) 
thrown [s\src\hotspot\share\interpreter\linkResolver.cpp, line 773]
Event: 18.613 Thread 0x000002b5c67cb4f0 Exception <a 'java/lang/IncompatibleClassChangeError'{0x00000000c3a58d90}: Found class java.lang.Object, but interface was expected> (0x00000000c3a58d90) 
thrown [s\src\hotspot\share\interpreter\linkResolver.cpp, line 840]
Event: 18.737 Thread 0x000002b5c67cb4f0 Exception <a 'java/lang/NoSuchMethodError'{0x00000000c38d7b08}: 'java.lang.Object java.lang.invoke.DirectMethodHandle$Holder.invokeStatic(java.lang.Object, java.lang.Object, int, java.lang.Object)'> (0x00000000c38d7b08) 
thrown [s\src\hotspot\share\interpreter\linkResolver.cpp, line 773]
Event: 18.737 Thread 0x000002b5c67cb4f0 Exception <a 'java/lang/NoSuchMethodError'{0x00000000c38db340}: 'java.lang.Object java.lang.invoke.DirectMethodHandle$Holder.invokeStaticInit(java.lang.Object, java.lang.Object, int, java.lang.Object)'> (0x00000000c38db340) 
thrown [s\src\hotspot\share\interpreter\linkResolver.cpp, line 773]
Event: 20.217 Thread 0x000002b5c67cb4f0 Exception <a 'java/lang/NoSuchMethodError'{0x00000000c4c06df0}: 'int java.lang.invoke.Invokers$Holder.invokeExact_MT(java.lang.Object, java.lang.Object, java.lang.Object)'> (0x00000000c4c06df0) 
thrown [s\src\hotspot\share\interpreter\linkResolver.cpp, line 773]
Event: 20.261 Thread 0x000002b5c67cb4f0 Exception <a 'java/lang/NoSuchMethodError'{0x00000000c4b72938}: 'void java.lang.invoke.DirectMethodHandle$Holder.invokeInterface(java.lang.Object, java.lang.Object, int, java.lang.Object)'> (0x00000000c4b72938) 
thrown [s\src\hotspot\share\interpreter\linkResolver.cpp, line 773]
Event: 20.272 Thread 0x000002b5c67cb4f0 Exception <a 'java/lang/NoSuchMethodError'{0x00000000c4bc9080}: 'java.lang.Object java.lang.invoke.DirectMethodHandle$Holder.newInvokeSpecial(java.lang.Object, java.lang.Object, int, java.lang.Object)'> (0x00000000c4bc9080) 
thrown [s\src\hotspot\share\interpreter\linkResolver.cpp, line 773]
Event: 20.333 Thread 0x000002b5c67cb4f0 Exception <a 'java/lang/NoSuchMethodError'{0x00000000c4867ef8}: 'void java.lang.invoke.DirectMethodHandle$Holder.invokeSpecial(java.lang.Object, java.lang.Object, java.lang.Object, java.lang.Object, java.lang.Object, java.lang.Object, java.lang.Object, java.lang.Object)'> (0x00000000c4867ef8) 
thrown [s\src\hotspot\share\interpreter\linkResolver.cpp, line 773]
Event: 20.349 Thread 0x000002b5c67cb4f0 Exception <a 'java/lang/NoSuchMethodError'{0x00000000c48fc520}: 'void java.lang.invoke.DirectMethodHandle$Holder.invokeSpecial(java.lang.Object, java.lang.Object, int, java.lang.Object)'> (0x00000000c48fc520) 
thrown [s\src\hotspot\share\interpreter\linkResolver.cpp, line 773]
Event: 20.351 Thread 0x000002b5c67cb4f0 Exception <a 'java/lang/NoSuchMethodError'{0x00000000c4702b00}: 'java.lang.Object java.lang.invoke.DirectMethodHandle$Holder.newInvokeSpecial(java.lang.Object, java.lang.Object, int)'> (0x00000000c4702b00) 
thrown [s\src\hotspot\share\interpreter\linkResolver.cpp, line 773]
Event: 20.446 Thread 0x000002b5c67cb4f0 Exception <a 'java/lang/NoSuchMethodError'{0x00000000c43de960}: 'java.lang.Object java.lang.invoke.DirectMethodHandle$Holder.newInvokeSpecial(java.lang.Object, java.lang.Object, java.lang.Object, java.lang.Object, java.lang.Object, int, java.lang.Object)'> (0x00000000c43de960) 
thrown [s\src\hotspot\share\interpreter\linkResolver.cpp, line 773]
Event: 20.462 Thread 0x000002b5c67cb4f0 Exception <a 'java/lang/NoSuchMethodError'{0x00000000c4242868}: 'java.lang.Object java.lang.invoke.DirectMethodHandle$Holder.newInvokeSpecial(java.lang.Object, java.lang.Object, java.lang.Object, java.lang.Object, java.lang.Object, java.lang.Object, java.lang.Object, java.lang.Object, java.lang.Object, java.lang.Object, java.lang.Object, java.lang.Object)'> (0x00000000c4242868) 
thrown [s\src\hotspot\share\interpreter\linkResolver.cpp, line 773]
Event: 20.464 Thread 0x000002b5c67cb4f0 Exception <a 'java/lang/NoSuchMethodError'{0x00000000c424b848}: 'java.lang.Object java.lang.invoke.Invokers$Holder.linkToTargetMethod(java.lang.Object, java.lang.Object, java.lang.Object, java.lang.Object, java.lang.Object, java.lang.Object, java.lang.Object, java.lang.Object, java.lang.Object, java.lang.Object, java.lang.Object, java.lang.Object)'> (0x00000000c424b848) 
thrown [s\src\hotspot\share\interpreter\linkResolver.cpp, line 773]
Event: 20.572 Thread 0x000002b5c67cb4f0 Exception <a 'java/lang/IncompatibleClassChangeError'{0x00000000c3e99250}: Found class java.lang.Object, but interface was expected> (0x00000000c3e99250) 
thrown [s\src\hotspot\share\interpreter\linkResolver.cpp, line 840]
Event: 20.605 Thread 0x000002b5c67cb4f0 Exception <a 'java/lang/NoSuchMethodError'{0x00000000c3dd3138}: 'java.lang.Object java.lang.invoke.DirectMethodHandle$Holder.newInvokeSpecial(java.lang.Object, java.lang.Object, java.lang.Object, java.lang.Object, java.lang.Object, java.lang.Object, java.lang.Object, int)'> (0x00000000c3dd3138) 
thrown [s\src\hotspot\share\interpreter\linkResolver.cpp, line 773]
Event: 20.606 Thread 0x000002b5c67cb4f0 Exception <a 'java/lang/NoSuchMethodError'{0x00000000c3dd7788}: 'java.lang.Object java.lang.invoke.DirectMethodHandle$Holder.invokeSpecial(java.lang.Object, java.lang.Object, java.lang.Object, java.lang.Object, java.lang.Object, java.lang.Object, java.lang.Object, java.lang.Object, int)'> (0x00000000c3dd7788) 
thrown [s\src\hotspot\share\interpreter\linkResolver.cpp, line 773]
Event: 20.606 Thread 0x000002b5c67cb4f0 Exception <a 'java/lang/NoSuchMethodError'{0x00000000c3ddb7c0}: 'java.lang.Object java.lang.invoke.Invokers$Holder.linkToTargetMethod(java.lang.Object, java.lang.Object, java.lang.Object, java.lang.Object, java.lang.Object, java.lang.Object, int, java.lang.Object)'> (0x00000000c3ddb7c0) 
thrown [s\src\hotspot\share\interpreter\linkResolver.cpp, line 773]
Event: 20.672 Thread 0x000002b5c67cb4f0 Exception <a 'java/lang/NoSuchMethodError'{0x00000000c3a45528}: 'void java.lang.invoke.DirectMethodHandle$Holder.invokeInterface(java.lang.Object, java.lang.Object)'> (0x00000000c3a45528) 
thrown [s\src\hotspot\share\interpreter\linkResolver.cpp, line 773]
Event: 232.122 Thread 0x000002b5c62b1c00 Exception <a 'java/lang/NoSuchMethodError'{0x00000000c4c270e0}: 'java.lang.Object java.lang.invoke.DirectMethodHandle$Holder.invokeInterface(java.lang.Object, java.lang.Object, java.lang.Object, java.lang.Object, java.lang.Object, java.lang.Object, java.lang.Object)'> (0x00000000c4c270e0) 
thrown [s\src\hotspot\share\interpreter\linkResolver.cpp, line 773]

ZGC Phase Switch (0 events):
No events

VM Operations (20 events):
Event: 243.554 Executing VM operation: Cleanup done
Event: 274.630 Executing VM operation: Cleanup
Event: 274.630 Executing VM operation: Cleanup done
Event: 318.649 Executing VM operation: Cleanup
Event: 318.649 Executing VM operation: Cleanup done
Event: 592.950 Executing VM operation: Cleanup
Event: 592.950 Executing VM operation: Cleanup done
Event: 670.134 Executing VM operation: Cleanup
Event: 670.134 Executing VM operation: Cleanup done
Event: 673.136 Executing VM operation: Cleanup
Event: 673.136 Executing VM operation: Cleanup done
Event: 853.594 Executing VM operation: Cleanup
Event: 853.594 Executing VM operation: Cleanup done
Event: 913.643 Executing VM operation: Cleanup
Event: 913.643 Executing VM operation: Cleanup done
Event: 969.692 Executing VM operation: Cleanup
Event: 969.692 Executing VM operation: Cleanup done
Event: 973.693 Executing VM operation: Cleanup
Event: 973.693 Executing VM operation: Cleanup done
Event: 1077.471 Executing VM operation: G1CollectForAllocation (G1 Evacuation Pause)

Memory protections (0 events):
No events

Nmethod flushes (20 events):
Event: 14.400 Thread 0x000002b5f649fe00 flushing  nmethod 0x000002b5fa181f10
Event: 14.400 Thread 0x000002b5f649fe00 flushing  nmethod 0x000002b5fa182410
Event: 14.400 Thread 0x000002b5f649fe00 flushing  nmethod 0x000002b5fa182990
Event: 14.400 Thread 0x000002b5f649fe00 flushing  nmethod 0x000002b5fa184590
Event: 14.400 Thread 0x000002b5f649fe00 flushing  nmethod 0x000002b5fa1b9f90
Event: 14.400 Thread 0x000002b5f649fe00 flushing  nmethod 0x000002b5fa1c8210
Event: 14.400 Thread 0x000002b5f649fe00 flushing  nmethod 0x000002b5fa20c290
Event: 14.400 Thread 0x000002b5f649fe00 flushing  nmethod 0x000002b5fa21b310
Event: 14.400 Thread 0x000002b5f649fe00 flushing  nmethod 0x000002b5fa21b690
Event: 14.400 Thread 0x000002b5f649fe00 flushing  nmethod 0x000002b5fa224310
Event: 14.400 Thread 0x000002b5f649fe00 flushing  nmethod 0x000002b5fa224790
Event: 14.400 Thread 0x000002b5f649fe00 flushing  nmethod 0x000002b5fa224c10
Event: 14.400 Thread 0x000002b5f649fe00 flushing  nmethod 0x000002b5fa228e90
Event: 14.400 Thread 0x000002b5f649fe00 flushing  nmethod 0x000002b5fa23c990
Event: 14.400 Thread 0x000002b5f649fe00 flushing  nmethod 0x000002b5fa2e6910
Event: 14.400 Thread 0x000002b5f649fe00 flushing  nmethod 0x000002b5fa2eef10
Event: 14.400 Thread 0x000002b5f649fe00 flushing  nmethod 0x000002b5fa2f0790
Event: 14.400 Thread 0x000002b5f649fe00 flushing  nmethod 0x000002b5fa2f2d10
Event: 14.400 Thread 0x000002b5f649fe00 flushing  nmethod 0x000002b5fa375c90
Event: 14.400 Thread 0x000002b5f649fe00 flushing  nmethod 0x000002b5fa45cf10

Events (20 events):
Event: 232.085 Thread 0x000002b5c62b1c00 Thread added: 0x000002b5c7cf6aa0
Event: 232.104 Thread 0x000002b5c62b1c00 Thread added: 0x000002b5c7cfb2d0
Event: 232.114 Thread 0x000002b5c627c0b0 Thread added: 0x000002b5c7cf77c0
Event: 232.141 Thread 0x000002b5c62b1c00 Thread added: 0x000002b5c7cf7130
Event: 232.165 Thread 0x000002b5c627c0b0 Thread added: 0x000002b5c7cf9890
Event: 232.169 Thread 0x000002b5c7cf9890 Thread added: 0x000002b5c7cf9f20
Event: 233.133 Thread 0x000002b5c7cf6aa0 Thread exited: 0x000002b5c7cf6aa0
Event: 233.215 Thread 0x000002b5c7cfb2d0 Thread exited: 0x000002b5c7cfb2d0
Event: 233.232 Thread 0x000002b5c7cf7130 Thread exited: 0x000002b5c7cf7130
Event: 233.253 Thread 0x000002b5c7cf9f20 Thread exited: 0x000002b5c7cf9f20
Event: 235.074 Thread 0x000002b5c11340b0 Thread added: 0x000002b5c7d24830
Event: 240.090 Thread 0x000002b5c7d24830 Thread exited: 0x000002b5c7d24830
Event: 250.760 Thread 0x000002b5c11340b0 Thread added: 0x000002b5c7d24830
Event: 255.777 Thread 0x000002b5c7d24830 Thread exited: 0x000002b5c7d24830
Event: 318.206 Thread 0x000002b5c7cf77c0 Thread exited: 0x000002b5c7cf77c0
Event: 318.206 Thread 0x000002b5c62b1c00 Thread exited: 0x000002b5c62b1c00
Event: 322.083 Thread 0x000002b5c7cf6410 Thread exited: 0x000002b5c7cf6410
Event: 322.085 Thread 0x000002b5c7cf9200 Thread exited: 0x000002b5c7cf9200
Event: 322.085 Thread 0x000002b5c7cf84e0 Thread exited: 0x000002b5c7cf84e0
Event: 322.088 Thread 0x000002b5c67cd5c0 Thread exited: 0x000002b5c67cd5c0


Dynamic libraries:
0x00007ff66aae0000 - 0x00007ff66aaee000 	C:\sts-4.27.0\plugins\org.eclipse.justj.openjdk.hotspot.jre.full.win32.x86_64_21.0.5.v20241023-1957\jre\bin\javaw.exe
0x00007ff8ebf00000 - 0x00007ff8ec0e0000 	C:\Windows\SYSTEM32\ntdll.dll
0x00007ff8e93d0000 - 0x00007ff8e947e000 	C:\Windows\System32\KERNEL32.DLL
0x00007ff8e8ea0000 - 0x00007ff8e9106000 	C:\Windows\System32\KERNELBASE.dll
0x00007ff8e8300000 - 0x00007ff8e83f6000 	C:\Windows\System32\ucrtbase.dll
0x00007ff8dc580000 - 0x00007ff8dc598000 	C:\sts-4.27.0\plugins\org.eclipse.justj.openjdk.hotspot.jre.full.win32.x86_64_21.0.5.v20241023-1957\jre\bin\jli.dll
0x00007ff8eb130000 - 0x00007ff8eb2be000 	C:\Windows\System32\USER32.dll
0x00007ff8e93b0000 - 0x00007ff8e93d0000 	C:\Windows\System32\win32u.dll
0x00007ff8eb710000 - 0x00007ff8eb738000 	C:\Windows\System32\GDI32.dll
0x00007ff8e8400000 - 0x00007ff8e8591000 	C:\Windows\System32\gdi32full.dll
0x00007ff8e8cf0000 - 0x00007ff8e8d8b000 	C:\Windows\System32\msvcp_win.dll
0x00007ff8dc380000 - 0x00007ff8dc39e000 	C:\sts-4.27.0\plugins\org.eclipse.justj.openjdk.hotspot.jre.full.win32.x86_64_21.0.5.v20241023-1957\jre\bin\VCRUNTIME140.dll
0x00007ff8dd2b0000 - 0x00007ff8dd519000 	C:\Windows\WinSxS\amd64_microsoft.windows.common-controls_6595b64144ccf1df_6.0.16299.15_none_cc92fb402215d91d\COMCTL32.dll
0x00007ff8ebe30000 - 0x00007ff8ebecd000 	C:\Windows\System32\msvcrt.dll
0x00007ff8e9480000 - 0x00007ff8e9788000 	C:\Windows\System32\combase.dll
0x00007ff8eb8b0000 - 0x00007ff8eb9cf000 	C:\Windows\System32\RPCRT4.dll
0x00007ff8e9110000 - 0x00007ff8e9182000 	C:\Windows\System32\bcryptPrimitives.dll
0x00007ff8ead00000 - 0x00007ff8ead2d000 	C:\Windows\System32\IMM32.DLL
0x00007ff8dc560000 - 0x00007ff8dc56c000 	C:\sts-4.27.0\plugins\org.eclipse.justj.openjdk.hotspot.jre.full.win32.x86_64_21.0.5.v20241023-1957\jre\bin\vcruntime140_1.dll
0x00007ff8c3030000 - 0x00007ff8c30bd000 	C:\sts-4.27.0\plugins\org.eclipse.justj.openjdk.hotspot.jre.full.win32.x86_64_21.0.5.v20241023-1957\jre\bin\msvcp140.dll
0x00007ff8a48d0000 - 0x00007ff8a565f000 	C:\sts-4.27.0\plugins\org.eclipse.justj.openjdk.hotspot.jre.full.win32.x86_64_21.0.5.v20241023-1957\jre\bin\server\jvm.dll
0x00007ff8ebc50000 - 0x00007ff8ebcf1000 	C:\Windows\System32\ADVAPI32.dll
0x00007ff8eac30000 - 0x00007ff8eac8b000 	C:\Windows\System32\sechost.dll
0x00007ff8e8290000 - 0x00007ff8e82dc000 	C:\Windows\System32\POWRPROF.dll
0x00007ff8ebbe0000 - 0x00007ff8ebc4c000 	C:\Windows\System32\WS2_32.dll
0x00007ff8e65f0000 - 0x00007ff8e6613000 	C:\Windows\SYSTEM32\WINMM.dll
0x00007ff8d8370000 - 0x00007ff8d837a000 	C:\Windows\SYSTEM32\VERSION.dll
0x00007ff8e64b0000 - 0x00007ff8e64da000 	C:\Windows\SYSTEM32\WINMMBASE.dll
0x00007ff8e9190000 - 0x00007ff8e91da000 	C:\Windows\System32\cfgmgr32.dll
0x00007ff8e8250000 - 0x00007ff8e8261000 	C:\Windows\System32\kernel.appcore.dll
0x00007ff8e4fe0000 - 0x00007ff8e4fea000 	C:\sts-4.27.0\plugins\org.eclipse.justj.openjdk.hotspot.jre.full.win32.x86_64_21.0.5.v20241023-1957\jre\bin\jimage.dll
0x00007ff8d81a0000 - 0x00007ff8d8368000 	C:\Windows\SYSTEM32\DBGHELP.DLL
0x00007ff8d6930000 - 0x00007ff8d6959000 	C:\Windows\SYSTEM32\dbgcore.DLL
0x00007ff8dc320000 - 0x00007ff8dc35c000 	C:\sts-4.27.0\plugins\org.eclipse.justj.openjdk.hotspot.jre.full.win32.x86_64_21.0.5.v20241023-1957\jre\bin\jdwp.dll
0x00007ff8e3c80000 - 0x00007ff8e3c8f000 	C:\sts-4.27.0\plugins\org.eclipse.justj.openjdk.hotspot.jre.full.win32.x86_64_21.0.5.v20241023-1957\jre\bin\instrument.dll
0x00007ff8e3d20000 - 0x00007ff8e3d3f000 	C:\sts-4.27.0\plugins\org.eclipse.justj.openjdk.hotspot.jre.full.win32.x86_64_21.0.5.v20241023-1957\jre\bin\java.dll
0x00007ff8e9790000 - 0x00007ff8eabc7000 	C:\Windows\System32\SHELL32.dll
0x00007ff8ebb30000 - 0x00007ff8ebbd6000 	C:\Windows\System32\shcore.dll
0x00007ff8e85a0000 - 0x00007ff8e8ce7000 	C:\Windows\System32\windows.storage.dll
0x00007ff8eabd0000 - 0x00007ff8eac21000 	C:\Windows\System32\shlwapi.dll
0x00007ff8e82e0000 - 0x00007ff8e82fb000 	C:\Windows\System32\profapi.dll
0x00007ff8e24f0000 - 0x00007ff8e2508000 	C:\sts-4.27.0\plugins\org.eclipse.justj.openjdk.hotspot.jre.full.win32.x86_64_21.0.5.v20241023-1957\jre\bin\zip.dll
0x00007ff8dca10000 - 0x00007ff8dca1b000 	C:\sts-4.27.0\plugins\org.eclipse.justj.openjdk.hotspot.jre.full.win32.x86_64_21.0.5.v20241023-1957\jre\bin\dt_socket.dll
0x00007ff8e7810000 - 0x00007ff8e7849000 	C:\Windows\SYSTEM32\IPHLPAPI.DLL
0x00007ff8e7a80000 - 0x00007ff8e7ae6000 	C:\Windows\system32\mswsock.dll
0x00007ff8e7850000 - 0x00007ff8e7906000 	C:\Windows\SYSTEM32\DNSAPI.dll
0x00007ff8eac90000 - 0x00007ff8eac98000 	C:\Windows\System32\NSI.dll
0x00007ff8dad20000 - 0x00007ff8dad2a000 	C:\Windows\System32\rasadhlp.dll
0x00007ff8dec20000 - 0x00007ff8dec90000 	C:\Windows\System32\fwpuclnt.dll
0x00007ff8e7d50000 - 0x00007ff8e7d75000 	C:\Windows\SYSTEM32\bcrypt.dll
0x00007ff8e4e50000 - 0x00007ff8e4e60000 	C:\sts-4.27.0\plugins\org.eclipse.justj.openjdk.hotspot.jre.full.win32.x86_64_21.0.5.v20241023-1957\jre\bin\net.dll
0x00007ff8e1090000 - 0x00007ff8e116e000 	C:\Windows\SYSTEM32\WINHTTP.dll
0x00007ff8e0a40000 - 0x00007ff8e0a56000 	C:\sts-4.27.0\plugins\org.eclipse.justj.openjdk.hotspot.jre.full.win32.x86_64_21.0.5.v20241023-1957\jre\bin\nio.dll
0x00007ff8e0f00000 - 0x00007ff8e0f0a000 	C:\sts-4.27.0\plugins\org.eclipse.justj.openjdk.hotspot.jre.full.win32.x86_64_21.0.5.v20241023-1957\jre\bin\management.dll
0x00007ff8dd880000 - 0x00007ff8dd88b000 	C:\sts-4.27.0\plugins\org.eclipse.justj.openjdk.hotspot.jre.full.win32.x86_64_21.0.5.v20241023-1957\jre\bin\management_ext.dll
0x00007ff8ebd00000 - 0x00007ff8ebd08000 	C:\Windows\System32\PSAPI.DLL
0x00007ff8dba20000 - 0x00007ff8dba36000 	C:\Windows\system32\napinsp.dll
0x00007ff8dc010000 - 0x00007ff8dc02a000 	C:\Windows\system32\pnrpnsp.dll
0x00007ff8e4ee0000 - 0x00007ff8e4ef8000 	C:\Windows\system32\NLAapi.dll
0x00007ff8e0df0000 - 0x00007ff8e0dfe000 	C:\Windows\System32\winrnr.dll
0x00007ff8c3d80000 - 0x00007ff8c3d95000 	C:\Windows\System32\wshbth.dll
0x00007ff8e7c40000 - 0x00007ff8e7c57000 	C:\Windows\SYSTEM32\CRYPTSP.dll
0x00007ff8e7690000 - 0x00007ff8e76c3000 	C:\Windows\system32\rsaenh.dll
0x00007ff8e8150000 - 0x00007ff8e8179000 	C:\Windows\SYSTEM32\USERENV.dll
0x00007ff8e7c60000 - 0x00007ff8e7c6b000 	C:\Windows\SYSTEM32\CRYPTBASE.dll
0x00007ff8dc570000 - 0x00007ff8dc579000 	C:\sts-4.27.0\plugins\org.eclipse.justj.openjdk.hotspot.jre.full.win32.x86_64_21.0.5.v20241023-1957\jre\bin\extnet.dll
0x00007ff8e24e0000 - 0x00007ff8e24f0000 	C:\sts-4.27.0\plugins\org.eclipse.justj.openjdk.hotspot.jre.full.win32.x86_64_21.0.5.v20241023-1957\jre\bin\verify.dll
0x00007ff8dc5a0000 - 0x00007ff8dc5ae000 	C:\sts-4.27.0\plugins\org.eclipse.justj.openjdk.hotspot.jre.full.win32.x86_64_21.0.5.v20241023-1957\jre\bin\sunmscapi.dll
0x00007ff8e91e0000 - 0x00007ff8e93ae000 	C:\Windows\System32\CRYPT32.dll
0x00007ff8e8270000 - 0x00007ff8e8282000 	C:\Windows\System32\MSASN1.dll
0x00007ff8e7d20000 - 0x00007ff8e7d46000 	C:\Windows\SYSTEM32\ncrypt.dll
0x00007ff8e7ce0000 - 0x00007ff8e7d16000 	C:\Windows\SYSTEM32\NTASN1.dll

dbghelp: loaded successfully - version: 4.0.5 - missing functions: none
symbol engine: initialized successfully - sym options: 0x614 - pdb path: .;C:\sts-4.27.0\plugins\org.eclipse.justj.openjdk.hotspot.jre.full.win32.x86_64_21.0.5.v20241023-1957\jre\bin;C:\Windows\SYSTEM32;C:\Windows\WinSxS\amd64_microsoft.windows.common-controls_6595b64144ccf1df_6.0.16299.15_none_cc92fb402215d91d;C:\sts-4.27.0\plugins\org.eclipse.justj.openjdk.hotspot.jre.full.win32.x86_64_21.0.5.v20241023-1957\jre\bin\server

VM Arguments:
jvm_args: -XX:+ShowCodeDetailsInExceptionMessages -agentlib:jdwp=transport=dt_socket,suspend=y,address=localhost:54135 -Dcom.sun.management.jmxremote -Dcom.sun.management.jmxremote.port=54134 -Dcom.sun.management.jmxremote.authenticate=false -Dcom.sun.management.jmxremote.ssl=false -Djava.rmi.server.hostname=localhost -Dspring.jmx.enabled=true -Dmanagement.endpoints.jmx.exposure.include=* -Dspring.application.admin.enabled=true -XX:TieredStopAtLevel=1 -Dspring.boot.project.name=projet -javaagent:C:\sts-4.27.0\configuration\org.eclipse.osgi\275\0\.cp\lib\javaagent-shaded.jar -Dfile.encoding=UTF-8 -Dstdout.encoding=UTF-8 -Dstderr.encoding=UTF-8 
java_command: com.first.fst.ProjetApplication --spring.output.ansi.enabled=always
java_class_path (initial): C:\Users\lenovo\Documents\workspace-sts\projet\target\classes;C:\Users\lenovo\.m2\repository\org\springframework\boot\spring-boot-starter-data-jpa\3.4.5\spring-boot-starter-data-jpa-3.4.5.jar;C:\Users\lenovo\.m2\repository\org\springframework\boot\spring-boot-starter\3.4.5\spring-boot-starter-3.4.5.jar;C:\Users\lenovo\.m2\repository\org\springframework\boot\spring-boot-starter-logging\3.4.5\spring-boot-starter-logging-3.4.5.jar;C:\Users\lenovo\.m2\repository\ch\qos\logback\logback-classic\1.5.18\logback-classic-1.5.18.jar;C:\Users\lenovo\.m2\repository\ch\qos\logback\logback-core\1.5.18\logback-core-1.5.18.jar;C:\Users\lenovo\.m2\repository\org\apache\logging\log4j\log4j-to-slf4j\2.24.3\log4j-to-slf4j-2.24.3.jar;C:\Users\lenovo\.m2\repository\org\apache\logging\log4j\log4j-api\2.24.3\log4j-api-2.24.3.jar;C:\Users\lenovo\.m2\repository\org\slf4j\jul-to-slf4j\2.0.17\jul-to-slf4j-2.0.17.jar;C:\Users\lenovo\.m2\repository\jakarta\annotation\jakarta.annotation-api\2.1.1\jakarta.annotation-api-2.1.1.jar;C:\Users\lenovo\.m2\repository\org\yaml\snakeyaml\2.3\snakeyaml-2.3.jar;C:\Users\lenovo\.m2\repository\org\springframework\boot\spring-boot-starter-jdbc\3.4.5\spring-boot-starter-jdbc-3.4.5.jar;C:\Users\lenovo\.m2\repository\com\zaxxer\HikariCP\5.1.0\HikariCP-5.1.0.jar;C:\Users\lenovo\.m2\repository\org\springframework\spring-jdbc\6.2.6\spring-jdbc-6.2.6.jar;C:\Users\lenovo\.m2\repository\org\hibernate\orm\hibernate-core\6.6.13.Final\hibernate-core-6.6.13.Final.jar;C:\Users\lenovo\.m2\repository\jakarta\persistence\jakarta.persistence-api\3.1.0\jakarta.persistence-api-3.1.0.jar;C:\Users\lenovo\.m2\repository\jakarta\transaction\jakarta.transaction-api\2.0.1\jakarta.transaction-api-2.0.1.jar;C:\Users\lenovo\.m2\repository\org\jboss\logging\jboss-logging\3.6.1.Final\jboss-logging-3.6.1.Final.jar;C:\Users\lenovo\.m2\repository\org\hibernate\common\hibernate-commons-annotations\7.0.3.Final\hibernate-commons-annotations-7.0.3.Final.jar;C:\Users\lenovo\.m2\repository\io\smallrye\jandex\3.2.0\jandex-3.2.0.jar;C:\Users\lenovo\.m2\repository\com\fasterxml\classmate\1.7.0\classmate-1.7.0.jar;C:\Users\lenovo\.m2\repository\net\bytebuddy\byte-buddy\1.15.11\byte-buddy-1.15.11.jar;C:\Users\lenovo\.m2\repository\org\glassfish\jaxb\jaxb-runtime\4.0.5\jaxb-runtime-4.0.5.jar;C:\Users\lenovo\.m2\repository\org\glassfish\jaxb\jaxb-core\4.0.5\jaxb-core-4.0.5.jar;C:\Users\lenovo\.m2\repository\org\eclipse\angus\angus-activation\2.0.2\angus-activation-2.0.2.jar;C:\Users\lenovo\.m2\repository\org\glassfish\jaxb\txw2\4.0.5\txw2-4.0.5.jar;C:\Users\lenovo\.m2\repository\com\sun\istack\istack-commons-runtime\4.1.2\istack-commons-runtime-4.1.2.jar;C:\Users\lenovo\.m2\repository\jakarta\inject\jakarta.inject-api\2.0.1\jakarta.inject-api-2.0.1.jar;C:\Users\lenovo\.m2\repository\org\antlr\antlr4-runtime\4.13.0\antlr4-runtime-4.13.0.jar;C:\Users\lenovo\.m2\repository\org\springframework\data\spring-data-jpa\3.4.5\spring-data-jpa-3.4.5.jar;C:\Users\lenovo\.m2\repository\org\springframework\data\spring-data-commons\3.4.5\spring-data-commons-3.4.5.jar;C:\Users\lenovo\.m2\repository\org\springframework\spring-orm\6.2.6\spring-orm-6.2.6.jar;C:\Users\lenovo\.m2\repository\org\springframework\spring-context\6.2.6\spring-context-6.2.6.jar;C:\Users\lenovo\.m2\repository\org\springframework\spring-aop\6.2.6\spring-aop-6.2.6.jar;C:\Users\lenovo\.m2\repository\org\springframework\spring-tx\6.2.6\spring-tx-6.2.6.jar;C:\Users\lenovo\.m2\repository\org\springframework\spring-beans\6.2.6\spring-beans-6.2.6.jar;C:\Users\lenovo\.m2\repository\org\slf4j\slf4j-api\2.0.17\slf4j-api-2.0.17.jar;C:\Users\lenovo\.m2\repository\org\springframework\spring-aspects\6.2.6\spring-aspects-6.2.6.jar;C:\Users\lenovo\.m2\repository\org\aspectj\aspectjweaver\1.9.24\aspectjweaver-1.9.24.jar;C:\Users\lenovo\.m2\repository\org\springframework\boot\spring-boot-starter-thymeleaf\3.4.5\spring-boot-starter-thymeleaf-3.4.5.jar;C:\Users\lenovo\.m2\repository\org\thymeleaf\thymeleaf-spring6\3.1.3.RELEASE\thymeleaf-spring6-3.1.3.RELEASE.jar;C:\Users\lenovo\.m2\repository\org\thymeleaf\thymeleaf\3.1.3.RELEASE\thymeleaf-3.1.3.RELEASE.jar;C:\Users\lenovo\.m2\repository\org\attoparser\attoparser\2.0.7.RELEASE\attoparser-2.0.7.RELEASE.jar;C:\Users\lenovo\.m2\repository\org\unbescape\unbescape\1.1.6.RELEASE\unbescape-1.1.6.RELEASE.jar;C:\Users\lenovo\.m2\repository\org\springframework\boot\spring-boot-starter-web\3.4.5\spring-boot-starter-web-3.4.5.jar;C:\Users\lenovo\.m2\repository\org\springframework\boot\spring-boot-starter-json\3.4.5\spring-boot-starter-json-3.4.5.jar;C:\Users\lenovo\.m2\repository\com\fasterxml\jackson\core\jackson-databind\2.18.3\jackson-databind-2.18.3.jar;C:\Users\lenovo\.m2\repository\com\fasterxml\jackson\core\jackson-annotations\2.18.3\jackson-annotations-2.18.3.jar;C:\Users\lenovo\.m2\repository\com\fasterxml\jackson\core\jackson-core\2.18.3\jackson-core-2.18.3.jar;C:\Users\lenovo\.m2\repository\com\fasterxml\jackson\datatype\jackson-datatype-jdk8\2.18.3\jackson-datatype-jdk8-2.18.3.jar;C:\Users\lenovo\.m2\repository\com\fasterxml\jackson\datatype\jackson-datatype-jsr310\2.18.3\jackson-datatype-jsr310-2.18.3.jar;C:\Users\lenovo\.m2\repository\com\fasterxml\jackson\module\jackson-module-parameter-names\2.18.3\jackson-module-parameter-names-2.18.3.jar;C:\Users\lenovo\.m2\repository\org\springframework\boot\spring-boot-starter-tomcat\3.4.5\spring-boot-starter-tomcat-3.4.5.jar;C:\Users\lenovo\.m2\repository\org\apache\tomcat\embed\tomcat-embed-core\10.1.40\tomcat-embed-core-10.1.40.jar;C:\Users\lenovo\.m2\repository\org\apache\tomcat\embed\tomcat-embed-el\10.1.40\tomcat-embed-el-10.1.40.jar;C:\Users\lenovo\.m2\repository\org\apache\tomcat\embed\tomcat-embed-websocket\10.1.40\tomcat-embed-websocket-10.1.40.jar;C:\Users\lenovo\.m2\repository\org\springframework\spring-web\6.2.6\spring-web-6.2.6.jar;C:\Users\lenovo\.m2\repository\io\micrometer\micrometer-observation\1.14.6\micrometer-observation-1.14.6.jar;C:\Users\lenovo\.m2\repository\io\micrometer\micrometer-commons\1.14.6\micrometer-commons-1.14.6.jar;C:\Users\lenovo\.m2\repository\org\springframework\spring-webmvc\6.2.6\spring-webmvc-6.2.6.jar;C:\Users\lenovo\.m2\repository\org\springframework\spring-expression\6.2.6\spring-expression-6.2.6.jar;C:\Users\lenovo\.m2\repository\org\springframework\boot\spring-boot-devtools\3.4.5\spring-boot-devtools-3.4.5.jar;C:\Users\lenovo\.m2\repository\org\springframework\boot\spring-boot\3.4.5\spring-boot-3.4.5.jar;C:\Users\lenovo\.m2\repository\org\springframework\boot\spring-boot-autoconfigure\3.4.5\spring-boot-autoconfigure-3.4.5.jar;C:\Users\lenovo\.m2\repository\com\mysql\mysql-connector-j\9.1.0\mysql-connector-j-9.1.0.jar;C:\Users\lenovo\.m2\repository\jakarta\xml\bind\jakarta.xml.bind-api\4.0.2\jakarta.xml.bind-api-4.0.2.jar;C:\Users\lenovo\.m2\repository\jakarta\activation\jakarta.activation-api\2.1.3\jakarta.activation-api-2.1.3.jar;C:\Users\lenovo\.m2\repository\org\springframework\spring-core\6.2.6\spring-core-6.2.6.jar;C:\Users\lenovo\.m2\repository\org\springframework\spring-jcl\6.2.6\spring-jcl-6.2.6.jar
Launcher Type: SUN_STANDARD

[Global flags]
     intx CICompilerCount                          = 2                                         {product} {ergonomic}
     uint ConcGCThreads                            = 1                                         {product} {ergonomic}
     uint G1ConcRefinementThreads                  = 2                                         {product} {ergonomic}
   size_t G1HeapRegionSize                         = 1048576                                   {product} {ergonomic}
    uintx GCDrainStackTargetSize                   = 64                                        {product} {ergonomic}
   size_t InitialHeapSize                          = 67108864                                  {product} {ergonomic}
     bool ManagementServer                         = true                                      {product} {command line}
   size_t MarkStackSize                            = 4194304                                   {product} {ergonomic}
   size_t MaxHeapSize                              = 1052770304                                {product} {ergonomic}
   size_t MaxNewSize                               = 631242752                                 {product} {ergonomic}
   size_t MinHeapDeltaBytes                        = 1048576                                   {product} {ergonomic}
   size_t MinHeapSize                              = 8388608                                   {product} {ergonomic}
    uintx NonNMethodCodeHeapSize                   = 4096                                   {pd product} {ergonomic}
    uintx NonProfiledCodeHeapSize                  = 0                                      {pd product} {ergonomic}
     bool ProfileInterpreter                       = false                                  {pd product} {command line}
    uintx ProfiledCodeHeapSize                     = 0                                      {pd product} {ergonomic}
     bool ShowCodeDetailsInExceptionMessages       = true                                   {manageable} {command line}
   size_t SoftMaxHeapSize                          = 1052770304                             {manageable} {ergonomic}
     intx TieredStopAtLevel                        = 1                                         {product} {command line}
     bool UseCompressedOops                        = true                           {product lp64_product} {ergonomic}
     bool UseG1GC                                  = true                                      {product} {ergonomic}
     bool UseLargePagesIndividualAllocation        = false                                  {pd product} {ergonomic}

Logging:
Log output configuration:
 #0: stdout all=warning uptime,level,tags foldmultilines=false
 #1: stderr all=off uptime,level,tags foldmultilines=false

Environment Variables:
PATH=C:\sts-4.27.0\plugins\org.eclipse.justj.openjdk.hotspot.jre.full.win32.x86_64_21.0.5.v20241023-1957\jre\bin;C:/sts-4.27.0//plugins/org.eclipse.justj.openjdk.hotspot.jre.full.win32.x86_64_21.0.5.v20241023-1957/jre/bin/server;C:/sts-4.27.0//plugins/org.eclipse.justj.openjdk.hotspot.jre.full.win32.x86_64_21.0.5.v20241023-1957/jre/bin;C:\Program Files\Common Files\Oracle\Java\javapath;C:\Program Files\OpenLogic\jdk-17.0.14.7-hotspot\bin;C:\Windows\system32;C:\Windows;C:\Windows\System32\Wbem;C:\Windows\System32\WindowsPowerShell\v1.0\;C:\Program Files\Git\cmd;C:\Users\lenovo\AppData\Local\Programs\Python\Python313\Scripts\;C:\Users\lenovo\AppData\Local\Programs\Python\Python313\;C:\Users\lenovo\AppData\Local\Microsoft\WindowsApps;C:\Users\lenovo\AppData\Local\Programs\Microsoft VS Code\bin;C:\sts-4.27.0;
USERNAME=lenovo
OS=Windows_NT
PROCESSOR_IDENTIFIER=Intel64 Family 6 Model 76 Stepping 4, GenuineIntel
TMP=C:\Users\lenovo\AppData\Local\Temp
TEMP=C:\Users\lenovo\AppData\Local\Temp




Periodic native trim disabled

---------------  S Y S T E M  ---------------

OS:
 Windows 10 , 64 bit Build 16299 (10.0.16299.15)
OS uptime: 1 days 9:52 hours

CPU: total 2 (initial active 2) (2 cores per cpu, 1 threads per core) family 6 model 76 stepping 4 microcode 0x40a, cx8, cmov, fxsr, mmx, 3dnowpref, sse, sse2, sse3, ssse3, sse4.1, sse4.2, popcnt, tsc, tscinvbit, aes, erms, clmul, clflush, rdtscp
Processor Information for all 2 processors :
  Max Mhz: 1601, Current Mhz: 1601, Mhz Limit: 1601

Memory: 4k page, system-wide physical 4009M (743M free)
TotalPageFile size 8932M (AvailPageFile size 1550M)
current process WorkingSet (physical memory assigned to process): 83M, peak: 225M
current process commit charge ("private bytes"): 243M, peak: 244M

vm_info: OpenJDK 64-Bit Server VM (21.0.5+11-LTS) for windows-amd64 JRE (21.0.5+11-LTS), built on 2024-10-15T00:00:00Z by "admin" with MS VC++ 17.7 (VS2022)

END.
